[ 2020-02-25T03:18:18+08:00 ] 42.84.113.124 /home/API/GetWorkTime?comid=25/home/API/GetWorkTime?comid=25
ERR: SQLSTATE[HY093]: Invalid parameter number: no parameters were bound

[ 2020-02-25T03:31:13+08:00 ] 58.56.189.98 /home/API/GetWorkTime?comid=20/home/API/GetWorkTime?comid=20/home/API/GetWorkTime?comid=20/home/API/GetWorkTime?comid=20
ERR: SQLSTATE[HY093]: Invalid parameter number: no parameters were bound

[ 2020-02-25T04:49:52+08:00 ] 58.56.189.98 /home/API/GetWorkTime?comid=20/home/API/GetWorkTime?comid=20/home/API/GetWorkTime?comid=20
ERR: SQLSTATE[HY093]: Invalid parameter number: no parameters were bound

[ 2020-02-25T10:30:26+08:00 ] 42.84.113.124 /home/API/GetWorkTime?comid=25/home/API/GetWorkTime?comid=25
ERR: SQLSTATE[HY093]: Invalid parameter number: no parameters were bound

[ 2020-02-25T10:31:40+08:00 ] 42.84.113.124 /home/API/GetWorkTime?comid=25/home/API/GetWorkTime?comid=25
ERR: SQLSTATE[HY093]: Invalid parameter number: no parameters were bound

[ 2020-02-25T10:32:53+08:00 ] 42.84.113.124 /home/API/GetWorkTime?comid=25/home/API/GetWorkTime?comid=25
ERR: SQLSTATE[HY093]: Invalid parameter number: no parameters were bound

[ 2020-02-25T10:34:01+08:00 ] 42.84.113.124 /home/API/GetWorkTime?comid=25/home/API/GetWorkTime?comid=25
ERR: SQLSTATE[HY093]: Invalid parameter number: no parameters were bound

[ 2020-02-25T10:36:21+08:00 ] 42.84.113.124 /home/API/GetWorkTime?comid=25/home/API/GetWorkTime?comid=25
ERR: SQLSTATE[HY093]: Invalid parameter number: no parameters were bound

[ 2020-02-25T11:45:06+08:00 ] 127.0.0.1 /
INFO: [ app_init ] --START--
INFO: Run Behavior\BuildLiteBehavior [ RunTime:0.000000s ]
INFO: [ app_init ] --END-- [ RunTime:0.002000s ]
INFO: [ app_begin ] --START--
INFO: Run Behavior\ReadHtmlCacheBehavior [ RunTime:0.001000s ]
INFO: Run Behavior\CheckLangBehavior [ RunTime:0.003001s ]
INFO: [ app_begin ] --END-- [ RunTime:0.004001s ]
NOTIC: [8] Undefined index: trapno F:\C\VSPRO\TMS_WEB\TMTY\Application\Home\Controller\IndexController.class.php 第 37 行.
INFO: [ view_parse ] --START--
INFO: [ template_filter ] --START--
INFO: Run Behavior\ContentReplaceBehavior [ RunTime:0.000000s ]
INFO: [ template_filter ] --END-- [ RunTime:0.000000s ]
INFO: Run Behavior\ParseTemplateBehavior [ RunTime:0.014000s ]
INFO: [ view_parse ] --END-- [ RunTime:0.014000s ]
INFO: [ view_filter ] --START--
INFO: Run Behavior\WriteHtmlCacheBehavior [ RunTime:0.001000s ]
INFO: [ view_filter ] --END-- [ RunTime:0.001000s ]
INFO: [ app_end ] --START--
INFO: Run Behavior\ShowPageTraceBehavior [ RunTime:0.001001s ]
INFO: [ app_end ] --END-- [ RunTime:0.001001s ]

[ 2020-02-25T11:47:32+08:00 ] 127.0.0.1 /
INFO: [ app_init ] --START--
INFO: Run Behavior\BuildLiteBehavior [ RunTime:0.000000s ]
INFO: [ app_init ] --END-- [ RunTime:0.000000s ]
INFO: [ app_begin ] --START--
INFO: Run Behavior\ReadHtmlCacheBehavior [ RunTime:0.001000s ]
INFO: Run Behavior\CheckLangBehavior [ RunTime:0.002001s ]
INFO: [ app_begin ] --END-- [ RunTime:0.003001s ]
NOTIC: [8] Undefined index: trapno F:\C\VSPRO\TMS_WEB\TMTY\Application\Home\Controller\IndexController.class.php 第 37 行.
INFO: [ view_parse ] --START--
INFO: [ template_filter ] --START--
INFO: Run Behavior\ContentReplaceBehavior [ RunTime:0.000000s ]
INFO: [ template_filter ] --END-- [ RunTime:0.000000s ]
INFO: Run Behavior\ParseTemplateBehavior [ RunTime:0.023001s ]
INFO: [ view_parse ] --END-- [ RunTime:0.023001s ]
INFO: [ view_filter ] --START--
INFO: Run Behavior\WriteHtmlCacheBehavior [ RunTime:0.001000s ]
INFO: [ view_filter ] --END-- [ RunTime:0.001000s ]
INFO: [ app_end ] --START--
INFO: Run Behavior\ShowPageTraceBehavior [ RunTime:0.000000s ]
INFO: [ app_end ] --END-- [ RunTime:0.000000s ]

[ 2020-02-25T11:47:54+08:00 ] 127.0.0.1 /
INFO: [ app_init ] --START--
INFO: Run Behavior\BuildLiteBehavior [ RunTime:0.000000s ]
INFO: [ app_init ] --END-- [ RunTime:0.001000s ]
INFO: [ app_begin ] --START--
INFO: Run Behavior\ReadHtmlCacheBehavior [ RunTime:0.001000s ]
INFO: Run Behavior\CheckLangBehavior [ RunTime:0.003001s ]
INFO: [ app_begin ] --END-- [ RunTime:0.004001s ]
NOTIC: [8] Undefined index: trapno F:\C\VSPRO\TMS_WEB\TMTY\Application\Home\Controller\IndexController.class.php 第 37 行.
INFO: [ view_parse ] --START--
INFO: [ template_filter ] --START--
INFO: Run Behavior\ContentReplaceBehavior [ RunTime:0.000000s ]
INFO: [ template_filter ] --END-- [ RunTime:0.000000s ]
INFO: Run Behavior\ParseTemplateBehavior [ RunTime:0.010001s ]
INFO: [ view_parse ] --END-- [ RunTime:0.010001s ]
INFO: [ view_filter ] --START--
INFO: Run Behavior\WriteHtmlCacheBehavior [ RunTime:0.000000s ]
INFO: [ view_filter ] --END-- [ RunTime:0.000000s ]
INFO: [ app_end ] --START--
INFO: Run Behavior\ShowPageTraceBehavior [ RunTime:0.001000s ]
INFO: [ app_end ] --END-- [ RunTime:0.001000s ]

[ 2020-02-25T11:48:04+08:00 ] 127.0.0.1 /
INFO: [ app_init ] --START--
INFO: Run Behavior\BuildLiteBehavior [ RunTime:0.000000s ]
INFO: [ app_init ] --END-- [ RunTime:0.000000s ]
INFO: [ app_begin ] --START--
INFO: Run Behavior\ReadHtmlCacheBehavior [ RunTime:0.001000s ]
INFO: Run Behavior\CheckLangBehavior [ RunTime:0.003000s ]
INFO: [ app_begin ] --END-- [ RunTime:0.004000s ]
NOTIC: [8] Undefined index: trapno F:\C\VSPRO\TMS_WEB\TMTY\Application\Home\Controller\IndexController.class.php 第 37 行.
INFO: [ view_parse ] --START--
INFO: [ template_filter ] --START--
INFO: Run Behavior\ContentReplaceBehavior [ RunTime:0.000000s ]
INFO: [ template_filter ] --END-- [ RunTime:0.000000s ]
INFO: Run Behavior\ParseTemplateBehavior [ RunTime:0.008001s ]
INFO: [ view_parse ] --END-- [ RunTime:0.008001s ]
INFO: [ view_filter ] --START--
INFO: Run Behavior\WriteHtmlCacheBehavior [ RunTime:0.000000s ]
INFO: [ view_filter ] --END-- [ RunTime:0.000000s ]
INFO: [ app_end ] --START--
INFO: Run Behavior\ShowPageTraceBehavior [ RunTime:0.001000s ]
INFO: [ app_end ] --END-- [ RunTime:0.001000s ]

[ 2020-02-25T11:49:19+08:00 ] 127.0.0.1 /
INFO: [ app_init ] --START--
INFO: Run Behavior\BuildLiteBehavior [ RunTime:0.000000s ]
INFO: [ app_init ] --END-- [ RunTime:0.001000s ]
INFO: [ app_begin ] --START--
INFO: Run Behavior\ReadHtmlCacheBehavior [ RunTime:0.001000s ]
INFO: Run Behavior\CheckLangBehavior [ RunTime:0.003000s ]
INFO: [ app_begin ] --END-- [ RunTime:0.004000s ]
NOTIC: [8] Undefined index: trapno F:\C\VSPRO\TMS_WEB\TMTY\Application\Home\Controller\IndexController.class.php 第 37 行.
INFO: [ view_parse ] --START--
INFO: [ template_filter ] --START--
INFO: Run Behavior\ContentReplaceBehavior [ RunTime:0.000000s ]
INFO: [ template_filter ] --END-- [ RunTime:0.000000s ]
INFO: Run Behavior\ParseTemplateBehavior [ RunTime:0.011001s ]
INFO: [ view_parse ] --END-- [ RunTime:0.011001s ]
INFO: [ view_filter ] --START--
INFO: Run Behavior\WriteHtmlCacheBehavior [ RunTime:0.001000s ]
INFO: [ view_filter ] --END-- [ RunTime:0.001000s ]
INFO: [ app_end ] --START--
INFO: Run Behavior\ShowPageTraceBehavior [ RunTime:0.001000s ]
INFO: [ app_end ] --END-- [ RunTime:0.001000s ]

[ 2020-02-25T11:49:36+08:00 ] 127.0.0.1 /
INFO: [ app_init ] --START--
INFO: Run Behavior\BuildLiteBehavior [ RunTime:0.000000s ]
INFO: [ app_init ] --END-- [ RunTime:0.000000s ]
INFO: [ app_begin ] --START--
INFO: Run Behavior\ReadHtmlCacheBehavior [ RunTime:0.001000s ]
INFO: Run Behavior\CheckLangBehavior [ RunTime:0.001000s ]
INFO: [ app_begin ] --END-- [ RunTime:0.002000s ]
NOTIC: [8] Undefined index: trapno F:\C\VSPRO\TMS_WEB\TMTY\Application\Home\Controller\IndexController.class.php 第 37 行.
INFO: [ view_parse ] --START--
INFO: [ template_filter ] --START--
INFO: Run Behavior\ContentReplaceBehavior [ RunTime:0.000000s ]
INFO: [ template_filter ] --END-- [ RunTime:0.001000s ]
INFO: Run Behavior\ParseTemplateBehavior [ RunTime:0.008001s ]
INFO: [ view_parse ] --END-- [ RunTime:0.008001s ]
INFO: [ view_filter ] --START--
INFO: Run Behavior\WriteHtmlCacheBehavior [ RunTime:0.000000s ]
INFO: [ view_filter ] --END-- [ RunTime:0.000000s ]
INFO: [ app_end ] --START--
INFO: Run Behavior\ShowPageTraceBehavior [ RunTime:0.001000s ]
INFO: [ app_end ] --END-- [ RunTime:0.001000s ]

[ 2020-02-25T11:49:48+08:00 ] 127.0.0.1 /
INFO: [ app_init ] --START--
INFO: Run Behavior\BuildLiteBehavior [ RunTime:0.000000s ]
INFO: [ app_init ] --END-- [ RunTime:0.001000s ]
INFO: [ app_begin ] --START--
INFO: Run Behavior\ReadHtmlCacheBehavior [ RunTime:0.001000s ]
INFO: Run Behavior\CheckLangBehavior [ RunTime:0.003000s ]
INFO: [ app_begin ] --END-- [ RunTime:0.004000s ]
NOTIC: [8] Undefined index: trapno F:\C\VSPRO\TMS_WEB\TMTY\Application\Home\Controller\IndexController.class.php 第 37 行.
INFO: [ view_parse ] --START--
INFO: [ template_filter ] --START--
INFO: Run Behavior\ContentReplaceBehavior [ RunTime:0.000000s ]
INFO: [ template_filter ] --END-- [ RunTime:0.000000s ]
INFO: Run Behavior\ParseTemplateBehavior [ RunTime:0.010000s ]
INFO: [ view_parse ] --END-- [ RunTime:0.010000s ]
INFO: [ view_filter ] --START--
INFO: Run Behavior\WriteHtmlCacheBehavior [ RunTime:0.001000s ]
INFO: [ view_filter ] --END-- [ RunTime:0.001000s ]
INFO: [ app_end ] --START--
INFO: Run Behavior\ShowPageTraceBehavior [ RunTime:0.002001s ]
INFO: [ app_end ] --END-- [ RunTime:0.002001s ]

[ 2020-02-25T11:49:56+08:00 ] 127.0.0.1 /home/Index/logindata
INFO: [ app_init ] --START--
INFO: Run Behavior\BuildLiteBehavior [ RunTime:0.000000s ]
INFO: [ app_init ] --END-- [ RunTime:0.000000s ]
INFO: [ app_begin ] --START--
INFO: Run Behavior\ReadHtmlCacheBehavior [ RunTime:0.001000s ]
INFO: Run Behavior\CheckLangBehavior [ RunTime:0.002000s ]
INFO: [ app_begin ] --END-- [ RunTime:0.003000s ]
ERR: SQLSTATE[HY000] [1045] Access denied for user 'root'@'localhost' (using password: YES)

[ 2020-02-25T11:50:02+08:00 ] 127.0.0.1 /home/Index/logindata
INFO: [ app_init ] --START--
INFO: Run Behavior\BuildLiteBehavior [ RunTime:0.000000s ]
INFO: [ app_init ] --END-- [ RunTime:0.001000s ]
INFO: [ app_begin ] --START--
INFO: Run Behavior\ReadHtmlCacheBehavior [ RunTime:0.001000s ]
INFO: Run Behavior\CheckLangBehavior [ RunTime:0.003000s ]
INFO: [ app_begin ] --END-- [ RunTime:0.004000s ]
ERR: SQLSTATE[HY000] [1045] Access denied for user 'root'@'localhost' (using password: YES)

[ 2020-02-25T11:53:14+08:00 ] 127.0.0.1 /home/Index/logindata
INFO: [ app_init ] --START--
INFO: Run Behavior\BuildLiteBehavior [ RunTime:0.000000s ]
INFO: [ app_init ] --END-- [ RunTime:0.000000s ]
INFO: [ app_begin ] --START--
INFO: Run Behavior\ReadHtmlCacheBehavior [ RunTime:0.001000s ]
INFO: Run Behavior\CheckLangBehavior [ RunTime:0.002000s ]
INFO: [ app_begin ] --END-- [ RunTime:0.003000s ]
ERR: SQLSTATE[HY000] [1045] Access denied for user 'root'@'localhost' (using password: YES)

[ 2020-02-25T11:53:30+08:00 ] 127.0.0.1 /home/Index/logindata
INFO: [ app_init ] --START--
INFO: Run Behavior\BuildLiteBehavior [ RunTime:0.000000s ]
INFO: [ app_init ] --END-- [ RunTime:0.000000s ]
INFO: [ app_begin ] --START--
INFO: Run Behavior\ReadHtmlCacheBehavior [ RunTime:0.001000s ]
INFO: Run Behavior\CheckLangBehavior [ RunTime:0.002000s ]
INFO: [ app_begin ] --END-- [ RunTime:0.003000s ]
ERR: SQLSTATE[HY000] [1045] Access denied for user 'root'@'localhost' (using password: YES)

[ 2020-02-25T11:53:31+08:00 ] 127.0.0.1 /home/Index/logindata
INFO: [ app_init ] --START--
INFO: Run Behavior\BuildLiteBehavior [ RunTime:0.000000s ]
INFO: [ app_init ] --END-- [ RunTime:0.000000s ]
INFO: [ app_begin ] --START--
INFO: Run Behavior\ReadHtmlCacheBehavior [ RunTime:0.000000s ]
INFO: Run Behavior\CheckLangBehavior [ RunTime:0.001000s ]
INFO: [ app_begin ] --END-- [ RunTime:0.001000s ]
ERR: SQLSTATE[HY000] [1045] Access denied for user 'root'@'localhost' (using password: YES)

[ 2020-02-25T11:53:38+08:00 ] 127.0.0.1 /home/Index/logindata
INFO: [ app_init ] --START--
INFO: Run Behavior\BuildLiteBehavior [ RunTime:0.000000s ]
INFO: [ app_init ] --END-- [ RunTime:0.000000s ]
INFO: [ app_begin ] --START--
INFO: Run Behavior\ReadHtmlCacheBehavior [ RunTime:0.001000s ]
INFO: Run Behavior\CheckLangBehavior [ RunTime:0.002000s ]
INFO: [ app_begin ] --END-- [ RunTime:0.003000s ]
ERR: SQLSTATE[HY000] [1045] Access denied for user 'root'@'localhost' (using password: YES)

[ 2020-02-25T11:53:43+08:00 ] 127.0.0.1 /home/Index/logindata
INFO: [ app_init ] --START--
INFO: Run Behavior\BuildLiteBehavior [ RunTime:0.000000s ]
INFO: [ app_init ] --END-- [ RunTime:0.001000s ]
INFO: [ app_begin ] --START--
INFO: Run Behavior\ReadHtmlCacheBehavior [ RunTime:0.001000s ]
INFO: Run Behavior\CheckLangBehavior [ RunTime:0.001000s ]
INFO: [ app_begin ] --END-- [ RunTime:0.002000s ]
ERR: SQLSTATE[HY000] [1045] Access denied for user 'root'@'localhost' (using password: YES)

[ 2020-02-25T11:53:44+08:00 ] 127.0.0.1 /home/Index/logindata
INFO: [ app_init ] --START--
INFO: Run Behavior\BuildLiteBehavior [ RunTime:0.000000s ]
INFO: [ app_init ] --END-- [ RunTime:0.001000s ]
INFO: [ app_begin ] --START--
INFO: Run Behavior\ReadHtmlCacheBehavior [ RunTime:0.001000s ]
INFO: Run Behavior\CheckLangBehavior [ RunTime:0.002000s ]
INFO: [ app_begin ] --END-- [ RunTime:0.003000s ]
ERR: SQLSTATE[HY000] [1045] Access denied for user 'root'@'localhost' (using password: YES)

[ 2020-02-25T11:53:45+08:00 ] 127.0.0.1 /home/Index/logindata
INFO: [ app_init ] --START--
INFO: Run Behavior\BuildLiteBehavior [ RunTime:0.000000s ]
INFO: [ app_init ] --END-- [ RunTime:0.000000s ]
INFO: [ app_begin ] --START--
INFO: Run Behavior\ReadHtmlCacheBehavior [ RunTime:0.001000s ]
INFO: Run Behavior\CheckLangBehavior [ RunTime:0.003000s ]
INFO: [ app_begin ] --END-- [ RunTime:0.004000s ]
ERR: SQLSTATE[HY000] [1045] Access denied for user 'root'@'localhost' (using password: YES)

[ 2020-02-25T11:53:50+08:00 ] 127.0.0.1 /home/Index/logindata
INFO: [ app_init ] --START--
INFO: Run Behavior\BuildLiteBehavior [ RunTime:0.000000s ]
INFO: [ app_init ] --END-- [ RunTime:0.001000s ]
INFO: [ app_begin ] --START--
INFO: Run Behavior\ReadHtmlCacheBehavior [ RunTime:0.000000s ]
INFO: Run Behavior\CheckLangBehavior [ RunTime:0.002000s ]
INFO: [ app_begin ] --END-- [ RunTime:0.002000s ]
ERR: SQLSTATE[HY000] [1045] Access denied for user 'root'@'localhost' (using password: YES)

[ 2020-02-25T11:55:20+08:00 ] 127.0.0.1 /home/Index/logindata
INFO: [ app_init ] --START--
INFO: Run Behavior\BuildLiteBehavior [ RunTime:0.000000s ]
INFO: [ app_init ] --END-- [ RunTime:0.001000s ]
INFO: [ app_begin ] --START--
INFO: Run Behavior\ReadHtmlCacheBehavior [ RunTime:0.000000s ]
INFO: Run Behavior\CheckLangBehavior [ RunTime:0.002000s ]
INFO: [ app_begin ] --END-- [ RunTime:0.002000s ]
SQL: SHOW COLUMNS FROM `companyinfo` [ RunTime:0.0400s ]
NOTIC: [8] Undefined index: name F:\C\VSPRO\TMS_WEB\TMTY\Application\Home\Controller\IndexController.class.php 第 288 行.
NOTIC: [8] Undefined index: pwd F:\C\VSPRO\TMS_WEB\TMTY\Application\Home\Controller\IndexController.class.php 第 289 行.

[ 2020-02-25T11:55:23+08:00 ] 127.0.0.1 /home/Index/logindata
INFO: [ app_init ] --START--
INFO: Run Behavior\BuildLiteBehavior [ RunTime:0.000000s ]
INFO: [ app_init ] --END-- [ RunTime:0.001000s ]
INFO: [ app_begin ] --START--
INFO: Run Behavior\ReadHtmlCacheBehavior [ RunTime:0.001000s ]
INFO: Run Behavior\CheckLangBehavior [ RunTime:0.002000s ]
INFO: [ app_begin ] --END-- [ RunTime:0.003000s ]
SQL: SHOW COLUMNS FROM `companyinfo` [ RunTime:0.0100s ]
SQL: SELECT * FROM `companyinfo` WHERE ( LoginName='cis' and LoginPWD='e10adc3949ba59abbe56e057f20f883e' ) LIMIT 1   [ RunTime:0.0020s ]
SQL: SHOW COLUMNS FROM `subuser` [ RunTime:0.0600s ]
SQL: SELECT * FROM `subuser` WHERE ( LoginName='cis' and PassWord='e10adc3949ba59abbe56e057f20f883e' ) LIMIT 1   [ RunTime:0.0020s ]
INFO: [ app_end ] --START--
INFO: Run Behavior\ShowPageTraceBehavior [ RunTime:0.001001s ]
INFO: [ app_end ] --END-- [ RunTime:0.001001s ]

[ 2020-02-25T11:55:30+08:00 ] 127.0.0.1 /home/Index/logindata
INFO: [ app_init ] --START--
INFO: Run Behavior\BuildLiteBehavior [ RunTime:0.000000s ]
INFO: [ app_init ] --END-- [ RunTime:0.000000s ]
INFO: [ app_begin ] --START--
INFO: Run Behavior\ReadHtmlCacheBehavior [ RunTime:0.000000s ]
INFO: Run Behavior\CheckLangBehavior [ RunTime:0.002000s ]
INFO: [ app_begin ] --END-- [ RunTime:0.002000s ]
SQL: SHOW COLUMNS FROM `companyinfo` [ RunTime:0.0110s ]
SQL: SELECT * FROM `companyinfo` WHERE ( LoginName='test' and LoginPWD='e10adc3949ba59abbe56e057f20f883e' ) LIMIT 1   [ RunTime:0.0020s ]
INFO: [ app_end ] --START--
INFO: Run Behavior\ShowPageTraceBehavior [ RunTime:0.001000s ]
INFO: [ app_end ] --END-- [ RunTime:0.001000s ]

[ 2020-02-25T11:55:30+08:00 ] 127.0.0.1 /home/index/main
INFO: [ app_init ] --START--
INFO: Run Behavior\BuildLiteBehavior [ RunTime:0.000000s ]
INFO: [ app_init ] --END-- [ RunTime:0.001000s ]
INFO: [ app_begin ] --START--
INFO: Run Behavior\ReadHtmlCacheBehavior [ RunTime:0.000000s ]
INFO: Run Behavior\CheckLangBehavior [ RunTime:0.002000s ]
INFO: [ app_begin ] --END-- [ RunTime:0.002000s ]
INFO: [ view_parse ] --START--
INFO: [ template_filter ] --START--
INFO: Run Behavior\ContentReplaceBehavior [ RunTime:0.000000s ]
INFO: [ template_filter ] --END-- [ RunTime:0.000000s ]
INFO: Run Behavior\ParseTemplateBehavior [ RunTime:0.011000s ]
INFO: [ view_parse ] --END-- [ RunTime:0.011000s ]
INFO: [ view_filter ] --START--
INFO: Run Behavior\WriteHtmlCacheBehavior [ RunTime:0.000000s ]
INFO: [ view_filter ] --END-- [ RunTime:0.000000s ]
INFO: [ app_end ] --START--
INFO: Run Behavior\ShowPageTraceBehavior [ RunTime:0.001000s ]
INFO: [ app_end ] --END-- [ RunTime:0.001000s ]

[ 2020-02-25T11:55:30+08:00 ] 127.0.0.1 /home/index/top
INFO: [ app_init ] --START--
INFO: Run Behavior\BuildLiteBehavior [ RunTime:0.000000s ]
INFO: [ app_init ] --END-- [ RunTime:0.000000s ]
INFO: [ app_begin ] --START--
INFO: Run Behavior\ReadHtmlCacheBehavior [ RunTime:0.000000s ]
INFO: Run Behavior\CheckLangBehavior [ RunTime:0.003000s ]
INFO: [ app_begin ] --END-- [ RunTime:0.004000s ]
INFO: [ view_parse ] --START--
INFO: [ template_filter ] --START--
INFO: Run Behavior\ContentReplaceBehavior [ RunTime:0.000000s ]
INFO: [ template_filter ] --END-- [ RunTime:0.000000s ]
INFO: Run Behavior\ParseTemplateBehavior [ RunTime:0.006001s ]
INFO: [ view_parse ] --END-- [ RunTime:0.007001s ]
INFO: [ view_filter ] --START--
INFO: Run Behavior\WriteHtmlCacheBehavior [ RunTime:0.000000s ]
INFO: [ view_filter ] --END-- [ RunTime:0.000000s ]
INFO: [ app_end ] --START--
INFO: Run Behavior\ShowPageTraceBehavior [ RunTime:0.000000s ]
INFO: [ app_end ] --END-- [ RunTime:0.000000s ]

[ 2020-02-25T11:55:31+08:00 ] 127.0.0.1 /home/index/welcome
INFO: [ app_init ] --START--
INFO: Run Behavior\BuildLiteBehavior [ RunTime:0.000000s ]
INFO: [ app_init ] --END-- [ RunTime:0.000000s ]
INFO: [ app_begin ] --START--
INFO: Run Behavior\ReadHtmlCacheBehavior [ RunTime:0.001000s ]
INFO: Run Behavior\CheckLangBehavior [ RunTime:0.002000s ]
INFO: [ app_begin ] --END-- [ RunTime:0.003000s ]
INFO: [ view_parse ] --START--
INFO: [ template_filter ] --START--
INFO: Run Behavior\ContentReplaceBehavior [ RunTime:0.000000s ]
INFO: [ template_filter ] --END-- [ RunTime:0.000000s ]
INFO: Run Behavior\ParseTemplateBehavior [ RunTime:0.007001s ]
INFO: [ view_parse ] --END-- [ RunTime:0.008001s ]
INFO: [ view_filter ] --START--
INFO: Run Behavior\WriteHtmlCacheBehavior [ RunTime:0.000000s ]
INFO: [ view_filter ] --END-- [ RunTime:0.000000s ]
INFO: [ app_end ] --START--
INFO: Run Behavior\ShowPageTraceBehavior [ RunTime:0.001000s ]
INFO: [ app_end ] --END-- [ RunTime:0.001000s ]

[ 2020-02-25T11:55:31+08:00 ] 127.0.0.1 /home/index/menu
INFO: [ app_init ] --START--
INFO: Run Behavior\BuildLiteBehavior [ RunTime:0.000000s ]
INFO: [ app_init ] --END-- [ RunTime:0.000000s ]
INFO: [ app_begin ] --START--
INFO: Run Behavior\ReadHtmlCacheBehavior [ RunTime:0.002000s ]
INFO: Run Behavior\CheckLangBehavior [ RunTime:0.003000s ]
INFO: [ app_begin ] --END-- [ RunTime:0.006000s ]
INFO: [ view_parse ] --START--
INFO: [ template_filter ] --START--
INFO: Run Behavior\ContentReplaceBehavior [ RunTime:0.000000s ]
INFO: [ template_filter ] --END-- [ RunTime:0.000000s ]
INFO: Run Behavior\ParseTemplateBehavior [ RunTime:0.020002s ]
INFO: [ view_parse ] --END-- [ RunTime:0.020002s ]
INFO: [ view_filter ] --START--
INFO: Run Behavior\WriteHtmlCacheBehavior [ RunTime:0.000000s ]
INFO: [ view_filter ] --END-- [ RunTime:0.000000s ]
INFO: [ app_end ] --START--
INFO: Run Behavior\ShowPageTraceBehavior [ RunTime:0.001000s ]
INFO: [ app_end ] --END-- [ RunTime:0.001000s ]

[ 2020-02-25T12:31:56+08:00 ] 127.0.0.1 /
INFO: [ app_init ] --START--
INFO: Run Behavior\BuildLiteBehavior [ RunTime:0.000000s ]
INFO: [ app_init ] --END-- [ RunTime:0.000000s ]
INFO: [ app_begin ] --START--
INFO: Run Behavior\ReadHtmlCacheBehavior [ RunTime:0.000000s ]
INFO: Run Behavior\CheckLangBehavior [ RunTime:0.002000s ]
INFO: [ app_begin ] --END-- [ RunTime:0.002000s ]
NOTIC: [8] Undefined index: open F:\C\VSPRO\TMS_WEB\TMTY\Application\Home\Controller\IndexController.class.php 第 29 行.

[ 2020-02-25T12:31:56+08:00 ] 127.0.0.1 /home/index/main
INFO: [ app_init ] --START--
INFO: Run Behavior\BuildLiteBehavior [ RunTime:0.000000s ]
INFO: [ app_init ] --END-- [ RunTime:0.001000s ]
INFO: [ app_begin ] --START--
INFO: Run Behavior\ReadHtmlCacheBehavior [ RunTime:0.001000s ]
INFO: Run Behavior\CheckLangBehavior [ RunTime:0.001001s ]
INFO: [ app_begin ] --END-- [ RunTime:0.002001s ]
INFO: [ view_parse ] --START--
INFO: [ template_filter ] --START--
INFO: Run Behavior\ContentReplaceBehavior [ RunTime:0.000000s ]
INFO: [ template_filter ] --END-- [ RunTime:0.000000s ]
INFO: Run Behavior\ParseTemplateBehavior [ RunTime:0.011000s ]
INFO: [ view_parse ] --END-- [ RunTime:0.011000s ]
INFO: [ view_filter ] --START--
INFO: Run Behavior\WriteHtmlCacheBehavior [ RunTime:0.000000s ]
INFO: [ view_filter ] --END-- [ RunTime:0.000000s ]
INFO: [ app_end ] --START--
INFO: Run Behavior\ShowPageTraceBehavior [ RunTime:0.001000s ]
INFO: [ app_end ] --END-- [ RunTime:0.001000s ]

[ 2020-02-25T12:31:56+08:00 ] 127.0.0.1 /home/index/top
INFO: [ app_init ] --START--
INFO: Run Behavior\BuildLiteBehavior [ RunTime:0.000000s ]
INFO: [ app_init ] --END-- [ RunTime:0.000000s ]
INFO: [ app_begin ] --START--
INFO: Run Behavior\ReadHtmlCacheBehavior [ RunTime:0.000000s ]
INFO: Run Behavior\CheckLangBehavior [ RunTime:0.001000s ]
INFO: [ app_begin ] --END-- [ RunTime:0.001000s ]
INFO: [ view_parse ] --START--
INFO: [ template_filter ] --START--
INFO: Run Behavior\ContentReplaceBehavior [ RunTime:0.000000s ]
INFO: [ template_filter ] --END-- [ RunTime:0.000000s ]
INFO: Run Behavior\ParseTemplateBehavior [ RunTime:0.008001s ]
INFO: [ view_parse ] --END-- [ RunTime:0.009001s ]
INFO: [ view_filter ] --START--
INFO: Run Behavior\WriteHtmlCacheBehavior [ RunTime:0.000000s ]
INFO: [ view_filter ] --END-- [ RunTime:0.000000s ]
INFO: [ app_end ] --START--
INFO: Run Behavior\ShowPageTraceBehavior [ RunTime:0.001000s ]
INFO: [ app_end ] --END-- [ RunTime:0.001000s ]

[ 2020-02-25T12:31:56+08:00 ] 127.0.0.1 /home/index/menu
INFO: [ app_init ] --START--
INFO: Run Behavior\BuildLiteBehavior [ RunTime:0.000000s ]
INFO: [ app_init ] --END-- [ RunTime:0.001000s ]
INFO: [ app_begin ] --START--
INFO: Run Behavior\ReadHtmlCacheBehavior [ RunTime:0.001000s ]
INFO: Run Behavior\CheckLangBehavior [ RunTime:0.004001s ]
INFO: [ app_begin ] --END-- [ RunTime:0.006001s ]
INFO: [ view_parse ] --START--
INFO: [ template_filter ] --START--
INFO: Run Behavior\ContentReplaceBehavior [ RunTime:0.000000s ]
INFO: [ template_filter ] --END-- [ RunTime:0.000000s ]
INFO: Run Behavior\ParseTemplateBehavior [ RunTime:0.012001s ]
INFO: [ view_parse ] --END-- [ RunTime:0.012001s ]
INFO: [ view_filter ] --START--
INFO: Run Behavior\WriteHtmlCacheBehavior [ RunTime:0.001000s ]
INFO: [ view_filter ] --END-- [ RunTime:0.001000s ]
INFO: [ app_end ] --START--
INFO: Run Behavior\ShowPageTraceBehavior [ RunTime:0.001000s ]
INFO: [ app_end ] --END-- [ RunTime:0.001000s ]

[ 2020-02-25T12:31:56+08:00 ] 127.0.0.1 /home/index/welcome
INFO: [ app_init ] --START--
INFO: Run Behavior\BuildLiteBehavior [ RunTime:0.000000s ]
INFO: [ app_init ] --END-- [ RunTime:0.001000s ]
INFO: [ app_begin ] --START--
INFO: Run Behavior\ReadHtmlCacheBehavior [ RunTime:0.001000s ]
INFO: Run Behavior\CheckLangBehavior [ RunTime:0.003000s ]
INFO: [ app_begin ] --END-- [ RunTime:0.004000s ]
INFO: [ view_parse ] --START--
INFO: [ template_filter ] --START--
INFO: Run Behavior\ContentReplaceBehavior [ RunTime:0.000000s ]
INFO: [ template_filter ] --END-- [ RunTime:0.000000s ]
INFO: Run Behavior\ParseTemplateBehavior [ RunTime:0.006001s ]
INFO: [ view_parse ] --END-- [ RunTime:0.006001s ]
INFO: [ view_filter ] --START--
INFO: Run Behavior\WriteHtmlCacheBehavior [ RunTime:0.000000s ]
INFO: [ view_filter ] --END-- [ RunTime:0.000000s ]
INFO: [ app_end ] --START--
INFO: Run Behavior\ShowPageTraceBehavior [ RunTime:0.000000s ]
INFO: [ app_end ] --END-- [ RunTime:0.000000s ]

[ 2020-02-25T14:52:09+08:00 ] 127.0.0.1 /
INFO: [ app_init ] --START--
INFO: Run Behavior\BuildLiteBehavior [ RunTime:0.000000s ]
INFO: [ app_init ] --END-- [ RunTime:0.001000s ]
INFO: [ app_begin ] --START--
INFO: Run Behavior\ReadHtmlCacheBehavior [ RunTime:0.000000s ]
INFO: Run Behavior\CheckLangBehavior [ RunTime:0.003000s ]
INFO: [ app_begin ] --END-- [ RunTime:0.003000s ]
NOTIC: [8] Undefined index: open F:\C\VSPRO\TMS_WEB\TMTY\Application\Home\Controller\IndexController.class.php 第 29 行.

[ 2020-02-25T14:52:09+08:00 ] 127.0.0.1 /home/index/main
INFO: [ app_init ] --START--
INFO: Run Behavior\BuildLiteBehavior [ RunTime:0.000000s ]
INFO: [ app_init ] --END-- [ RunTime:0.000000s ]
INFO: [ app_begin ] --START--
INFO: Run Behavior\ReadHtmlCacheBehavior [ RunTime:0.000000s ]
INFO: Run Behavior\CheckLangBehavior [ RunTime:0.002000s ]
INFO: [ app_begin ] --END-- [ RunTime:0.002000s ]
INFO: [ view_parse ] --START--
INFO: [ template_filter ] --START--
INFO: Run Behavior\ContentReplaceBehavior [ RunTime:0.000000s ]
INFO: [ template_filter ] --END-- [ RunTime:0.000000s ]
INFO: Run Behavior\ParseTemplateBehavior [ RunTime:0.011001s ]
INFO: [ view_parse ] --END-- [ RunTime:0.012001s ]
INFO: [ view_filter ] --START--
INFO: Run Behavior\WriteHtmlCacheBehavior [ RunTime:0.000000s ]
INFO: [ view_filter ] --END-- [ RunTime:0.000000s ]
INFO: [ app_end ] --START--
INFO: Run Behavior\ShowPageTraceBehavior [ RunTime:0.001000s ]
INFO: [ app_end ] --END-- [ RunTime:0.001000s ]

[ 2020-02-25T14:52:09+08:00 ] 127.0.0.1 /home/index/top
INFO: [ app_init ] --START--
INFO: Run Behavior\BuildLiteBehavior [ RunTime:0.000000s ]
INFO: [ app_init ] --END-- [ RunTime:0.000000s ]
INFO: [ app_begin ] --START--
INFO: Run Behavior\ReadHtmlCacheBehavior [ RunTime:0.001000s ]
INFO: Run Behavior\CheckLangBehavior [ RunTime:0.002000s ]
INFO: [ app_begin ] --END-- [ RunTime:0.003000s ]
INFO: [ view_parse ] --START--
INFO: [ template_filter ] --START--
INFO: Run Behavior\ContentReplaceBehavior [ RunTime:0.000000s ]
INFO: [ template_filter ] --END-- [ RunTime:0.000000s ]
INFO: Run Behavior\ParseTemplateBehavior [ RunTime:0.007001s ]
INFO: [ view_parse ] --END-- [ RunTime:0.007001s ]
INFO: [ view_filter ] --START--
INFO: Run Behavior\WriteHtmlCacheBehavior [ RunTime:0.001000s ]
INFO: [ view_filter ] --END-- [ RunTime:0.001000s ]
INFO: [ app_end ] --START--
INFO: Run Behavior\ShowPageTraceBehavior [ RunTime:0.000000s ]
INFO: [ app_end ] --END-- [ RunTime:0.000000s ]

[ 2020-02-25T14:52:09+08:00 ] 127.0.0.1 /home/index/menu
INFO: [ app_init ] --START--
INFO: Run Behavior\BuildLiteBehavior [ RunTime:0.000000s ]
INFO: [ app_init ] --END-- [ RunTime:0.001000s ]
INFO: [ app_begin ] --START--
INFO: Run Behavior\ReadHtmlCacheBehavior [ RunTime:0.001000s ]
INFO: Run Behavior\CheckLangBehavior [ RunTime:0.002000s ]
INFO: [ app_begin ] --END-- [ RunTime:0.003000s ]
INFO: [ view_parse ] --START--
INFO: [ template_filter ] --START--
INFO: Run Behavior\ContentReplaceBehavior [ RunTime:0.000000s ]
INFO: [ template_filter ] --END-- [ RunTime:0.000000s ]
INFO: Run Behavior\ParseTemplateBehavior [ RunTime:0.009000s ]
INFO: [ view_parse ] --END-- [ RunTime:0.009000s ]
INFO: [ view_filter ] --START--
INFO: Run Behavior\WriteHtmlCacheBehavior [ RunTime:0.000000s ]
INFO: [ view_filter ] --END-- [ RunTime:0.000000s ]
INFO: [ app_end ] --START--
INFO: Run Behavior\ShowPageTraceBehavior [ RunTime:0.000000s ]
INFO: [ app_end ] --END-- [ RunTime:0.000000s ]

[ 2020-02-25T14:52:10+08:00 ] 127.0.0.1 /home/index/welcome
INFO: [ app_init ] --START--
INFO: Run Behavior\BuildLiteBehavior [ RunTime:0.000000s ]
INFO: [ app_init ] --END-- [ RunTime:0.001000s ]
INFO: [ app_begin ] --START--
INFO: Run Behavior\ReadHtmlCacheBehavior [ RunTime:0.001001s ]
INFO: Run Behavior\CheckLangBehavior [ RunTime:0.004000s ]
INFO: [ app_begin ] --END-- [ RunTime:0.006001s ]
INFO: [ view_parse ] --START--
INFO: [ template_filter ] --START--
INFO: Run Behavior\ContentReplaceBehavior [ RunTime:0.000000s ]
INFO: [ template_filter ] --END-- [ RunTime:0.000000s ]
INFO: Run Behavior\ParseTemplateBehavior [ RunTime:0.007000s ]
INFO: [ view_parse ] --END-- [ RunTime:0.007000s ]
INFO: [ view_filter ] --START--
INFO: Run Behavior\WriteHtmlCacheBehavior [ RunTime:0.000000s ]
INFO: [ view_filter ] --END-- [ RunTime:0.000000s ]
INFO: [ app_end ] --START--
INFO: Run Behavior\ShowPageTraceBehavior [ RunTime:0.001000s ]
INFO: [ app_end ] --END-- [ RunTime:0.001000s ]

[ 2020-02-25T15:17:51+08:00 ] 127.0.0.1 /home/warning/index?page=1
INFO: [ app_init ] --START--
INFO: Run Behavior\BuildLiteBehavior [ RunTime:0.000000s ]
INFO: [ app_init ] --END-- [ RunTime:0.000000s ]
INFO: [ app_begin ] --START--
INFO: Run Behavior\ReadHtmlCacheBehavior [ RunTime:0.000000s ]
INFO: Run Behavior\CheckLangBehavior [ RunTime:0.002000s ]
INFO: [ app_begin ] --END-- [ RunTime:0.002000s ]
INFO: [ view_parse ] --START--
INFO: [ template_filter ] --START--
INFO: Run Behavior\ContentReplaceBehavior [ RunTime:0.000000s ]
INFO: [ template_filter ] --END-- [ RunTime:0.000000s ]
NOTIC: [8] Undefined variable: page F:\C\VSPRO\TMS_WEB\TMTY\Application\Runtime\Cache\Home\7dd8466f41fafacb879d4736903fe25e.php 第 188 行.
INFO: Run Behavior\ParseTemplateBehavior [ RunTime:0.053003s ]
INFO: [ view_parse ] --END-- [ RunTime:0.053003s ]
INFO: [ view_filter ] --START--
INFO: Run Behavior\WriteHtmlCacheBehavior [ RunTime:0.001000s ]
INFO: [ view_filter ] --END-- [ RunTime:0.001000s ]
INFO: [ app_end ] --START--
INFO: Run Behavior\ShowPageTraceBehavior [ RunTime:0.000000s ]
INFO: [ app_end ] --END-- [ RunTime:0.000000s ]

[ 2020-02-25T15:17:52+08:00 ] 127.0.0.1 /home/warning/getwarninglist?page=1&area=&ts=&te=&trapno=&repairstate=
INFO: [ app_init ] --START--
INFO: Run Behavior\BuildLiteBehavior [ RunTime:0.000000s ]
INFO: [ app_init ] --END-- [ RunTime:0.000000s ]
INFO: [ app_begin ] --START--
INFO: Run Behavior\ReadHtmlCacheBehavior [ RunTime:0.001001s ]
INFO: Run Behavior\CheckLangBehavior [ RunTime:0.002000s ]
INFO: [ app_begin ] --END-- [ RunTime:0.003001s ]
SQL: SHOW COLUMNS FROM `warning` [ RunTime:0.0360s ]
SQL: SELECT COUNT(*) AS tp_count FROM `warning` WHERE ( CompanyId=1  ) LIMIT 1   [ RunTime:0.0110s ]
SQL: SELECT * FROM `warning` WHERE ( CompanyId=1  ) ORDER BY RepairTime desc,areaid,trapno LIMIT 0,10   [ RunTime:0.0010s ]
NOTIC: [2] Invalid argument supplied for foreach() F:\C\VSPRO\TMS_WEB\TMTY\Application\Home\Controller\WarningController.class.php 第 154 行.
INFO: [ app_end ] --START--
INFO: Run Behavior\ShowPageTraceBehavior [ RunTime:0.001000s ]
INFO: [ app_end ] --END-- [ RunTime:0.001000s ]

[ 2020-02-25T15:17:54+08:00 ] 127.0.0.1 /home/warning/getareas
INFO: [ app_init ] --START--
INFO: Run Behavior\BuildLiteBehavior [ RunTime:0.000000s ]
INFO: [ app_init ] --END-- [ RunTime:0.002000s ]
INFO: [ app_begin ] --START--
INFO: Run Behavior\ReadHtmlCacheBehavior [ RunTime:0.001000s ]
INFO: Run Behavior\CheckLangBehavior [ RunTime:0.001000s ]
INFO: [ app_begin ] --END-- [ RunTime:0.002000s ]
SQL: SHOW COLUMNS FROM `areainfo` [ RunTime:0.0500s ]
SQL: SELECT * FROM `areainfo` WHERE ( CompanyID=1 )  [ RunTime:0.0010s ]
INFO: [ app_end ] --START--
INFO: Run Behavior\ShowPageTraceBehavior [ RunTime:0.001000s ]
INFO: [ app_end ] --END-- [ RunTime:0.001000s ]

[ 2020-02-25T15:17:55+08:00 ] 127.0.0.1 /home/emc/setdata
INFO: [ app_init ] --START--
INFO: Run Behavior\BuildLiteBehavior [ RunTime:0.000000s ]
INFO: [ app_init ] --END-- [ RunTime:0.000000s ]
INFO: [ app_begin ] --START--
INFO: Run Behavior\ReadHtmlCacheBehavior [ RunTime:0.001000s ]
INFO: Run Behavior\CheckLangBehavior [ RunTime:0.001000s ]
INFO: [ app_begin ] --END-- [ RunTime:0.002000s ]
SQL: SHOW COLUMNS FROM `emcdata` [ RunTime:0.0430s ]
NOTIC: [8] Undefined index: type F:\C\VSPRO\TMS_WEB\TMTY\Application\Home\Controller\EmcController.class.php 第 14 行.
SQL: SELECT * FROM `emcdata` WHERE `CompanyID` = 1 LIMIT 1   [ RunTime:0.0020s ]
INFO: [ view_parse ] --START--
INFO: [ template_filter ] --START--
INFO: Run Behavior\ContentReplaceBehavior [ RunTime:0.000000s ]
INFO: [ template_filter ] --END-- [ RunTime:0.001000s ]
INFO: Run Behavior\ParseTemplateBehavior [ RunTime:0.024002s ]
INFO: [ view_parse ] --END-- [ RunTime:0.024002s ]
INFO: [ view_filter ] --START--
INFO: Run Behavior\WriteHtmlCacheBehavior [ RunTime:0.000000s ]
INFO: [ view_filter ] --END-- [ RunTime:0.000000s ]
INFO: [ app_end ] --START--
INFO: Run Behavior\ShowPageTraceBehavior [ RunTime:0.000000s ]
INFO: [ app_end ] --END-- [ RunTime:0.001000s ]

[ 2020-02-25T15:17:56+08:00 ] 127.0.0.1 /home/emc/setdata
INFO: [ app_init ] --START--
INFO: Run Behavior\BuildLiteBehavior [ RunTime:0.000000s ]
INFO: [ app_init ] --END-- [ RunTime:0.000000s ]
INFO: [ app_begin ] --START--
INFO: Run Behavior\ReadHtmlCacheBehavior [ RunTime:0.000000s ]
INFO: Run Behavior\CheckLangBehavior [ RunTime:0.002000s ]
INFO: [ app_begin ] --END-- [ RunTime:0.003000s ]
SQL: SHOW COLUMNS FROM `emcdata` [ RunTime:0.0100s ]
NOTIC: [8] Undefined index: type F:\C\VSPRO\TMS_WEB\TMTY\Application\Home\Controller\EmcController.class.php 第 14 行.
SQL: SELECT * FROM `emcdata` WHERE `CompanyID` = 1 LIMIT 1   [ RunTime:0.0020s ]
INFO: [ view_parse ] --START--
INFO: [ template_filter ] --START--
INFO: Run Behavior\ContentReplaceBehavior [ RunTime:0.001000s ]
INFO: [ template_filter ] --END-- [ RunTime:0.001000s ]
INFO: Run Behavior\ParseTemplateBehavior [ RunTime:0.037002s ]
INFO: [ view_parse ] --END-- [ RunTime:0.037002s ]
INFO: [ view_filter ] --START--
INFO: Run Behavior\WriteHtmlCacheBehavior [ RunTime:0.000000s ]
INFO: [ view_filter ] --END-- [ RunTime:0.000000s ]
INFO: [ app_end ] --START--
INFO: Run Behavior\ShowPageTraceBehavior [ RunTime:0.001000s ]
INFO: [ app_end ] --END-- [ RunTime:0.001000s ]

[ 2020-02-25T15:17:56+08:00 ] 127.0.0.1 /home/AreaInfo/TrapAnalysis
INFO: [ app_init ] --START--
INFO: Run Behavior\BuildLiteBehavior [ RunTime:0.000000s ]
INFO: [ app_init ] --END-- [ RunTime:0.001000s ]
INFO: [ app_begin ] --START--
INFO: Run Behavior\ReadHtmlCacheBehavior [ RunTime:0.001000s ]
INFO: Run Behavior\CheckLangBehavior [ RunTime:0.002000s ]
INFO: [ app_begin ] --END-- [ RunTime:0.003000s ]
INFO: [ view_parse ] --START--
INFO: [ template_filter ] --START--
INFO: Run Behavior\ContentReplaceBehavior [ RunTime:0.000000s ]
INFO: [ template_filter ] --END-- [ RunTime:0.000000s ]
INFO: Run Behavior\ParseTemplateBehavior [ RunTime:0.014001s ]
INFO: [ view_parse ] --END-- [ RunTime:0.014001s ]
INFO: [ view_filter ] --START--
INFO: Run Behavior\WriteHtmlCacheBehavior [ RunTime:0.000000s ]
INFO: [ view_filter ] --END-- [ RunTime:0.000000s ]
INFO: [ app_end ] --START--
INFO: Run Behavior\ShowPageTraceBehavior [ RunTime:0.001000s ]
INFO: [ app_end ] --END-- [ RunTime:0.001000s ]

[ 2020-02-25T15:17:57+08:00 ] 127.0.0.1 /home/AreaInfo
INFO: [ app_init ] --START--
INFO: Run Behavior\BuildLiteBehavior [ RunTime:0.000000s ]
INFO: [ app_init ] --END-- [ RunTime:0.000000s ]
INFO: [ app_begin ] --START--
INFO: Run Behavior\ReadHtmlCacheBehavior [ RunTime:0.000000s ]
INFO: Run Behavior\CheckLangBehavior [ RunTime:0.002000s ]
INFO: [ app_begin ] --END-- [ RunTime:0.002000s ]
SQL: SHOW COLUMNS FROM `companyinfo` [ RunTime:0.0110s ]
SQL: SELECT * FROM `companyinfo` WHERE ( Id=1 and LoginName='test' ) LIMIT 1   [ RunTime:0.0010s ]
INFO: [ view_parse ] --START--
INFO: [ template_filter ] --START--
INFO: Run Behavior\ContentReplaceBehavior [ RunTime:0.001000s ]
INFO: [ template_filter ] --END-- [ RunTime:0.001000s ]
INFO: Run Behavior\ParseTemplateBehavior [ RunTime:0.015001s ]
INFO: [ view_parse ] --END-- [ RunTime:0.015001s ]
INFO: [ view_filter ] --START--
INFO: Run Behavior\WriteHtmlCacheBehavior [ RunTime:0.000000s ]
INFO: [ view_filter ] --END-- [ RunTime:0.000000s ]
INFO: [ app_end ] --START--
INFO: Run Behavior\ShowPageTraceBehavior [ RunTime:0.001000s ]
INFO: [ app_end ] --END-- [ RunTime:0.001000s ]

[ 2020-02-25T15:17:58+08:00 ] 127.0.0.1 /home/Systemset
INFO: [ app_init ] --START--
INFO: Run Behavior\BuildLiteBehavior [ RunTime:0.000000s ]
INFO: [ app_init ] --END-- [ RunTime:0.001000s ]
INFO: [ app_begin ] --START--
INFO: Run Behavior\ReadHtmlCacheBehavior [ RunTime:0.000000s ]
INFO: Run Behavior\CheckLangBehavior [ RunTime:0.001000s ]
INFO: [ app_begin ] --END-- [ RunTime:0.001000s ]
NOTIC: [8] Undefined index: oid F:\C\VSPRO\TMS_WEB\TMTY\Application\Home\Controller\SystemsetController.class.php 第 7 行.
SQL: SHOW COLUMNS FROM `areainfo` [ RunTime:0.0110s ]
SQL: SHOW COLUMNS FROM `trapmodel` [ RunTime:0.0310s ]
SQL: SELECT * FROM `areainfo` WHERE ( companyid=1 ) ORDER BY arealocation asc  [ RunTime:0.0010s ]
SQL: SHOW COLUMNS FROM `layout` [ RunTime:0.0230s ]
SQL: SELECT * FROM `layout` WHERE ( companyid=1 ) LIMIT 1   [ RunTime:0.0010s ]
SQL: SELECT * FROM `trapmodel` WHERE ( CompanyID='1' and AreaId='1'  ) GROUP BY TrapNo  [ RunTime:0.0080s ]
SQL: SELECT * FROM `trapmodel` WHERE ( CompanyID='1' and AreaId='2'  ) GROUP BY TrapNo  [ RunTime:0.0070s ]
SQL: SELECT * FROM `trapmodel` WHERE ( CompanyID='1' and AreaId='3'  ) GROUP BY TrapNo  [ RunTime:0.0060s ]
SQL: SELECT * FROM `trapmodel` WHERE ( CompanyID='1' and AreaId='10'  ) GROUP BY TrapNo  [ RunTime:0.0080s ]
NOTIC: [8] Undefined variable: L_str F:\C\VSPRO\TMS_WEB\TMTY\Application\Home\Controller\SystemsetController.class.php 第 287 行.
NOTIC: [8] Undefined variable: M_str F:\C\VSPRO\TMS_WEB\TMTY\Application\Home\Controller\SystemsetController.class.php 第 288 行.
NOTIC: [8] Undefined variable: R_str F:\C\VSPRO\TMS_WEB\TMTY\Application\Home\Controller\SystemsetController.class.php 第 289 行.
SQL: SELECT * FROM `layout` WHERE ( companyid=1 ) LIMIT 1   [ RunTime:0.0010s ]
INFO: [ view_parse ] --START--
INFO: [ template_filter ] --START--
INFO: Run Behavior\ContentReplaceBehavior [ RunTime:0.000000s ]
INFO: [ template_filter ] --END-- [ RunTime:0.000000s ]
INFO: Run Behavior\ParseTemplateBehavior [ RunTime:0.007000s ]
INFO: [ view_parse ] --END-- [ RunTime:0.007000s ]
INFO: [ view_filter ] --START--
INFO: Run Behavior\WriteHtmlCacheBehavior [ RunTime:0.000000s ]
INFO: [ view_filter ] --END-- [ RunTime:0.000000s ]
INFO: [ app_end ] --START--
INFO: Run Behavior\ShowPageTraceBehavior [ RunTime:0.000000s ]
INFO: [ app_end ] --END-- [ RunTime:0.001001s ]

[ 2020-02-25T15:17:58+08:00 ] 127.0.0.1 /home/Systemset/changepwd
INFO: [ app_init ] --START--
INFO: Run Behavior\BuildLiteBehavior [ RunTime:0.000000s ]
INFO: [ app_init ] --END-- [ RunTime:0.000000s ]
INFO: [ app_begin ] --START--
INFO: Run Behavior\ReadHtmlCacheBehavior [ RunTime:0.001000s ]
INFO: Run Behavior\CheckLangBehavior [ RunTime:0.001000s ]
INFO: [ app_begin ] --END-- [ RunTime:0.002000s ]
INFO: [ view_parse ] --START--
INFO: [ template_filter ] --START--
INFO: Run Behavior\ContentReplaceBehavior [ RunTime:0.000000s ]
INFO: [ template_filter ] --END-- [ RunTime:0.000000s ]
INFO: Run Behavior\ParseTemplateBehavior [ RunTime:0.005001s ]
INFO: [ view_parse ] --END-- [ RunTime:0.005001s ]
INFO: [ view_filter ] --START--
INFO: Run Behavior\WriteHtmlCacheBehavior [ RunTime:0.001000s ]
INFO: [ view_filter ] --END-- [ RunTime:0.001000s ]
INFO: [ app_end ] --START--
INFO: Run Behavior\ShowPageTraceBehavior [ RunTime:0.000000s ]
INFO: [ app_end ] --END-- [ RunTime:0.000000s ]

[ 2020-02-25T15:18:00+08:00 ] 127.0.0.1 /home/Systemset/usermanager?page=1
INFO: [ app_init ] --START--
INFO: Run Behavior\BuildLiteBehavior [ RunTime:0.000000s ]
INFO: [ app_init ] --END-- [ RunTime:0.001000s ]
INFO: [ app_begin ] --START--
INFO: Run Behavior\ReadHtmlCacheBehavior [ RunTime:0.001000s ]
INFO: Run Behavior\CheckLangBehavior [ RunTime:0.002000s ]
INFO: [ app_begin ] --END-- [ RunTime:0.003000s ]
SQL: SHOW COLUMNS FROM `subuser` [ RunTime:0.0130s ]
SQL: SELECT COUNT(*) AS tp_count FROM `subuser` WHERE ( AdminName='test' and CompanyID=1 ) LIMIT 1   [ RunTime:0.0020s ]
SQL: SELECT * FROM `subuser` WHERE ( AdminName='test' and CompanyID=1 ) ORDER BY Id ASC LIMIT 0,10   [ RunTime:0.0020s ]
INFO: [ view_parse ] --START--
INFO: [ template_filter ] --START--
INFO: Run Behavior\ContentReplaceBehavior [ RunTime:0.000000s ]
INFO: [ template_filter ] --END-- [ RunTime:0.000000s ]
INFO: Run Behavior\ParseTemplateBehavior [ RunTime:0.047003s ]
INFO: [ view_parse ] --END-- [ RunTime:0.047003s ]
INFO: [ view_filter ] --START--
INFO: Run Behavior\WriteHtmlCacheBehavior [ RunTime:0.001000s ]
INFO: [ view_filter ] --END-- [ RunTime:0.001000s ]
INFO: [ app_end ] --START--
INFO: Run Behavior\ShowPageTraceBehavior [ RunTime:0.000000s ]
INFO: [ app_end ] --END-- [ RunTime:0.001000s ]

[ 2020-02-25T15:18:01+08:00 ] 127.0.0.1 /home/Systemset/usermanager?page=1
INFO: [ app_init ] --START--
INFO: Run Behavior\BuildLiteBehavior [ RunTime:0.000000s ]
INFO: [ app_init ] --END-- [ RunTime:0.001000s ]
INFO: [ app_begin ] --START--
INFO: Run Behavior\ReadHtmlCacheBehavior [ RunTime:0.000000s ]
INFO: Run Behavior\CheckLangBehavior [ RunTime:0.002000s ]
INFO: [ app_begin ] --END-- [ RunTime:0.002000s ]
SQL: SHOW COLUMNS FROM `subuser` [ RunTime:0.0110s ]
SQL: SELECT COUNT(*) AS tp_count FROM `subuser` WHERE ( AdminName='test' and CompanyID=1 ) LIMIT 1   [ RunTime:0.0010s ]
SQL: SELECT * FROM `subuser` WHERE ( AdminName='test' and CompanyID=1 ) ORDER BY Id ASC LIMIT 0,10   [ RunTime:0.0010s ]
INFO: [ view_parse ] --START--
INFO: [ template_filter ] --START--
INFO: Run Behavior\ContentReplaceBehavior [ RunTime:0.000000s ]
INFO: [ template_filter ] --END-- [ RunTime:0.000000s ]
INFO: Run Behavior\ParseTemplateBehavior [ RunTime:0.014001s ]
INFO: [ view_parse ] --END-- [ RunTime:0.014001s ]
INFO: [ view_filter ] --START--
INFO: Run Behavior\WriteHtmlCacheBehavior [ RunTime:0.000000s ]
INFO: [ view_filter ] --END-- [ RunTime:0.001000s ]
INFO: [ app_end ] --START--
INFO: Run Behavior\ShowPageTraceBehavior [ RunTime:0.001000s ]
INFO: [ app_end ] --END-- [ RunTime:0.001000s ]

[ 2020-02-25T15:18:02+08:00 ] 127.0.0.1 /home/InputData
INFO: [ app_init ] --START--
INFO: Run Behavior\BuildLiteBehavior [ RunTime:0.000000s ]
INFO: [ app_init ] --END-- [ RunTime:0.000000s ]
INFO: [ app_begin ] --START--
INFO: Run Behavior\ReadHtmlCacheBehavior [ RunTime:0.001000s ]
INFO: Run Behavior\CheckLangBehavior [ RunTime:0.002000s ]
INFO: [ app_begin ] --END-- [ RunTime:0.003000s ]
INFO: [ view_parse ] --START--
INFO: [ template_filter ] --START--
INFO: Run Behavior\ContentReplaceBehavior [ RunTime:0.001000s ]
INFO: [ template_filter ] --END-- [ RunTime:0.001000s ]
INFO: Run Behavior\ParseTemplateBehavior [ RunTime:0.005000s ]
INFO: [ view_parse ] --END-- [ RunTime:0.005000s ]
INFO: [ view_filter ] --START--
INFO: Run Behavior\WriteHtmlCacheBehavior [ RunTime:0.000000s ]
INFO: [ view_filter ] --END-- [ RunTime:0.000000s ]
INFO: [ app_end ] --START--
INFO: Run Behavior\ShowPageTraceBehavior [ RunTime:0.001000s ]
INFO: [ app_end ] --END-- [ RunTime:0.001000s ]

[ 2020-02-25T15:18:05+08:00 ] 127.0.0.1 /home/Supervisory?t=list
INFO: [ app_init ] --START--
INFO: Run Behavior\BuildLiteBehavior [ RunTime:0.000000s ]
INFO: [ app_init ] --END-- [ RunTime:0.000000s ]
INFO: [ app_begin ] --START--
INFO: Run Behavior\ReadHtmlCacheBehavior [ RunTime:0.001000s ]
INFO: Run Behavior\CheckLangBehavior [ RunTime:0.001001s ]
INFO: [ app_begin ] --END-- [ RunTime:0.002001s ]
SQL: SHOW COLUMNS FROM `trapinfo` [ RunTime:0.0730s ]
NOTIC: [8] Undefined index: area F:\C\VSPRO\TMS_WEB\TMTY\Application\Home\Controller\SupervisoryController.class.php 第 555 行.
NOTIC: [8] Undefined index: ts F:\C\VSPRO\TMS_WEB\TMTY\Application\Home\Controller\SupervisoryController.class.php 第 556 行.
NOTIC: [8] Undefined index: te F:\C\VSPRO\TMS_WEB\TMTY\Application\Home\Controller\SupervisoryController.class.php 第 557 行.
NOTIC: [8] Undefined index: tn F:\C\VSPRO\TMS_WEB\TMTY\Application\Home\Controller\SupervisoryController.class.php 第 558 行.
NOTIC: [8] Undefined index: tstate F:\C\VSPRO\TMS_WEB\TMTY\Application\Home\Controller\SupervisoryController.class.php 第 559 行.
SQL: SELECT * FROM `trapinfo` WHERE (  CompanyID=1  ) GROUP BY TrapNo ORDER BY DateCheck desc,areaid,trapno  [ RunTime:0.4380s ]
INFO: [ view_parse ] --START--
INFO: [ template_filter ] --START--
INFO: Run Behavior\ContentReplaceBehavior [ RunTime:0.000000s ]
INFO: [ template_filter ] --END-- [ RunTime:0.000000s ]
INFO: Run Behavior\ParseTemplateBehavior [ RunTime:0.006000s ]
INFO: [ view_parse ] --END-- [ RunTime:0.006000s ]
INFO: [ view_filter ] --START--
INFO: Run Behavior\WriteHtmlCacheBehavior [ RunTime:0.000000s ]
INFO: [ view_filter ] --END-- [ RunTime:0.000000s ]
INFO: [ app_end ] --START--
INFO: Run Behavior\ShowPageTraceBehavior [ RunTime:0.000000s ]
INFO: [ app_end ] --END-- [ RunTime:0.000000s ]

[ 2020-02-25T15:18:07+08:00 ] 127.0.0.1 /home/Supervisory?t=list
INFO: [ app_init ] --START--
INFO: Run Behavior\BuildLiteBehavior [ RunTime:0.000000s ]
INFO: [ app_init ] --END-- [ RunTime:0.001000s ]
INFO: [ app_begin ] --START--
INFO: Run Behavior\ReadHtmlCacheBehavior [ RunTime:0.001000s ]
INFO: Run Behavior\CheckLangBehavior [ RunTime:0.001000s ]
INFO: [ app_begin ] --END-- [ RunTime:0.002000s ]
SQL: SHOW COLUMNS FROM `trapinfo` [ RunTime:0.0120s ]
NOTIC: [8] Undefined index: area F:\C\VSPRO\TMS_WEB\TMTY\Application\Home\Controller\SupervisoryController.class.php 第 555 行.
NOTIC: [8] Undefined index: ts F:\C\VSPRO\TMS_WEB\TMTY\Application\Home\Controller\SupervisoryController.class.php 第 556 行.
NOTIC: [8] Undefined index: te F:\C\VSPRO\TMS_WEB\TMTY\Application\Home\Controller\SupervisoryController.class.php 第 557 行.
NOTIC: [8] Undefined index: tn F:\C\VSPRO\TMS_WEB\TMTY\Application\Home\Controller\SupervisoryController.class.php 第 558 行.
NOTIC: [8] Undefined index: tstate F:\C\VSPRO\TMS_WEB\TMTY\Application\Home\Controller\SupervisoryController.class.php 第 559 行.
SQL: SELECT * FROM `trapinfo` WHERE (  CompanyID=1  ) GROUP BY TrapNo ORDER BY DateCheck desc,areaid,trapno  [ RunTime:0.1490s ]
INFO: [ view_parse ] --START--
INFO: [ template_filter ] --START--
INFO: Run Behavior\ContentReplaceBehavior [ RunTime:0.000000s ]
INFO: [ template_filter ] --END-- [ RunTime:0.000000s ]
INFO: Run Behavior\ParseTemplateBehavior [ RunTime:0.005001s ]
INFO: [ view_parse ] --END-- [ RunTime:0.005001s ]
INFO: [ view_filter ] --START--
INFO: Run Behavior\WriteHtmlCacheBehavior [ RunTime:0.000000s ]
INFO: [ view_filter ] --END-- [ RunTime:0.000000s ]
INFO: [ app_end ] --START--
INFO: Run Behavior\ShowPageTraceBehavior [ RunTime:0.000000s ]
INFO: [ app_end ] --END-- [ RunTime:0.000000s ]

[ 2020-02-25T15:18:08+08:00 ] 127.0.0.1 /home/Supervisory?t=list
INFO: [ app_init ] --START--
INFO: Run Behavior\BuildLiteBehavior [ RunTime:0.000000s ]
INFO: [ app_init ] --END-- [ RunTime:0.000000s ]
INFO: [ app_begin ] --START--
INFO: Run Behavior\ReadHtmlCacheBehavior [ RunTime:0.001000s ]
INFO: Run Behavior\CheckLangBehavior [ RunTime:0.001000s ]
INFO: [ app_begin ] --END-- [ RunTime:0.002000s ]
SQL: SHOW COLUMNS FROM `trapinfo` [ RunTime:0.0120s ]
NOTIC: [8] Undefined index: area F:\C\VSPRO\TMS_WEB\TMTY\Application\Home\Controller\SupervisoryController.class.php 第 555 行.
NOTIC: [8] Undefined index: ts F:\C\VSPRO\TMS_WEB\TMTY\Application\Home\Controller\SupervisoryController.class.php 第 556 行.
NOTIC: [8] Undefined index: te F:\C\VSPRO\TMS_WEB\TMTY\Application\Home\Controller\SupervisoryController.class.php 第 557 行.
NOTIC: [8] Undefined index: tn F:\C\VSPRO\TMS_WEB\TMTY\Application\Home\Controller\SupervisoryController.class.php 第 558 行.
NOTIC: [8] Undefined index: tstate F:\C\VSPRO\TMS_WEB\TMTY\Application\Home\Controller\SupervisoryController.class.php 第 559 行.
SQL: SELECT * FROM `trapinfo` WHERE (  CompanyID=1  ) GROUP BY TrapNo ORDER BY DateCheck desc,areaid,trapno  [ RunTime:0.1490s ]
INFO: [ view_parse ] --START--
INFO: [ template_filter ] --START--
INFO: Run Behavior\ContentReplaceBehavior [ RunTime:0.000000s ]
INFO: [ template_filter ] --END-- [ RunTime:0.000000s ]
INFO: Run Behavior\ParseTemplateBehavior [ RunTime:0.005001s ]
INFO: [ view_parse ] --END-- [ RunTime:0.005001s ]
INFO: [ view_filter ] --START--
INFO: Run Behavior\WriteHtmlCacheBehavior [ RunTime:0.000000s ]
INFO: [ view_filter ] --END-- [ RunTime:0.000000s ]
INFO: [ app_end ] --START--
INFO: Run Behavior\ShowPageTraceBehavior [ RunTime:0.001000s ]
INFO: [ app_end ] --END-- [ RunTime:0.001000s ]

[ 2020-02-25T15:18:08+08:00 ] 127.0.0.1 /home/Supervisory?t=line
INFO: [ app_init ] --START--
INFO: Run Behavior\BuildLiteBehavior [ RunTime:0.000000s ]
INFO: [ app_init ] --END-- [ RunTime:0.000000s ]
INFO: [ app_begin ] --START--
INFO: Run Behavior\ReadHtmlCacheBehavior [ RunTime:0.000000s ]
INFO: Run Behavior\CheckLangBehavior [ RunTime:0.002001s ]
INFO: [ app_begin ] --END-- [ RunTime:0.002001s ]
NOTIC: [8] Undefined index: areacode F:\C\VSPRO\TMS_WEB\TMTY\Application\Home\Controller\SupervisoryController.class.php 第 9 行.
NOTIC: [8] Undefined index: trapid F:\C\VSPRO\TMS_WEB\TMTY\Application\Home\Controller\SupervisoryController.class.php 第 13 行.

[ 2020-02-25T15:18:10+08:00 ] 127.0.0.1 /home/Supervisory/showmax2d
INFO: [ app_init ] --START--
INFO: Run Behavior\BuildLiteBehavior [ RunTime:0.000000s ]
INFO: [ app_init ] --END-- [ RunTime:0.001000s ]
INFO: [ app_begin ] --START--
INFO: Run Behavior\ReadHtmlCacheBehavior [ RunTime:0.001000s ]
INFO: Run Behavior\CheckLangBehavior [ RunTime:0.003000s ]
INFO: [ app_begin ] --END-- [ RunTime:0.005000s ]
SQL: SHOW COLUMNS FROM `areainfo` [ RunTime:0.0120s ]
SQL: SHOW COLUMNS FROM `trapmodel` [ RunTime:0.0120s ]
SQL: SHOW COLUMNS FROM `trapinfo` [ RunTime:0.0120s ]
SQL: SELECT * FROM `areainfo` WHERE ( CompanyID=1 ) ORDER BY AreaLocation  [ RunTime:0.0020s ]
SQL: SELECT * FROM `trapmodel` WHERE ( CompanyID=1 and AreaId=1 ) ORDER BY OrderNum  [ RunTime:0.0010s ]
SQL: SELECT * FROM `trapinfo` WHERE ( companyid=1 and trapno='0201' and AreaId=1 ) ORDER BY id desc LIMIT 1   [ RunTime:0.0400s ]
SQL: SELECT * FROM `trapinfo` WHERE ( companyid=1 and trapno='0206' and AreaId=1 ) ORDER BY id desc LIMIT 1   [ RunTime:0.0350s ]
SQL: SELECT * FROM `trapinfo` WHERE ( companyid=1 and trapno='0101' and AreaId=1 ) ORDER BY id desc LIMIT 1   [ RunTime:0.0770s ]
SQL: SELECT * FROM `trapinfo` WHERE ( companyid=1 and trapno='0103' and AreaId=1 ) ORDER BY id desc LIMIT 1   [ RunTime:0.0730s ]
SQL: SELECT * FROM `trapinfo` WHERE ( companyid=1 and trapno='0110' and AreaId=1 ) ORDER BY id desc LIMIT 1   [ RunTime:0.0780s ]
SQL: SELECT * FROM `trapinfo` WHERE ( companyid=1 and trapno='0111' and AreaId=1 ) ORDER BY id desc LIMIT 1   [ RunTime:0.0810s ]
SQL: SELECT * FROM `trapinfo` WHERE ( companyid=1 and trapno='0112' and AreaId=1 ) ORDER BY id desc LIMIT 1   [ RunTime:0.0800s ]
SQL: SELECT * FROM `trapinfo` WHERE ( companyid=1 and trapno='0113' and AreaId=1 ) ORDER BY id desc LIMIT 1   [ RunTime:0.0800s ]
SQL: SELECT * FROM `trapmodel` WHERE ( CompanyID=1 and AreaId=2 ) ORDER BY OrderNum  [ RunTime:0.0010s ]
SQL: SELECT * FROM `trapinfo` WHERE ( companyid=1 and trapno='0205' and AreaId=2 ) ORDER BY id desc LIMIT 1   [ RunTime:0.0350s ]
SQL: SELECT * FROM `trapinfo` WHERE ( companyid=1 and trapno='0102' and AreaId=2 ) ORDER BY id desc LIMIT 1   [ RunTime:0.0730s ]
SQL: SELECT * FROM `trapmodel` WHERE ( CompanyID=1 and AreaId=3 ) ORDER BY OrderNum  [ RunTime:0.0010s ]
NOTIC: [2] Invalid argument supplied for foreach() F:\C\VSPRO\TMS_WEB\TMTY\Application\Home\Controller\SupervisoryController.class.php 第 88 行.
SQL: SELECT * FROM `trapmodel` WHERE ( CompanyID=1 and AreaId=10 ) ORDER BY OrderNum  [ RunTime:0.0010s ]
SQL: SELECT * FROM `trapinfo` WHERE ( companyid=1 and trapno='0202' and AreaId=10 ) ORDER BY id desc LIMIT 1   [ RunTime:0.0340s ]
SQL: SELECT * FROM `trapinfo` WHERE ( companyid=1 and trapno='0203' and AreaId=10 ) ORDER BY id desc LIMIT 1   [ RunTime:0.0530s ]
SQL: SELECT * FROM `trapinfo` WHERE ( companyid=1 and trapno='0204' and AreaId=10 ) ORDER BY id desc LIMIT 1   [ RunTime:0.0340s ]
SQL: SELECT * FROM `trapinfo` WHERE ( companyid=1 and trapno='0207' and AreaId=10 ) ORDER BY id desc LIMIT 1   [ RunTime:0.0340s ]
SQL: SELECT * FROM `trapinfo` WHERE ( companyid=1 and trapno='0208' and AreaId=10 ) ORDER BY id desc LIMIT 1   [ RunTime:0.0340s ]
SQL: SELECT * FROM `trapinfo` WHERE ( companyid=1 and trapno='0209' and AreaId=10 ) ORDER BY id desc LIMIT 1   [ RunTime:0.0380s ]
SQL: SELECT * FROM `trapinfo` WHERE ( companyid=1 and trapno='020A' and AreaId=10 ) ORDER BY id desc LIMIT 1   [ RunTime:0.0360s ]
SQL: SELECT * FROM `trapinfo` WHERE ( companyid=1 and trapno='0301' and AreaId=10 ) ORDER BY id desc LIMIT 1   [ RunTime:0.0320s ]
SQL: SELECT * FROM `trapinfo` WHERE ( companyid=1 and trapno='0302' and AreaId=10 ) ORDER BY id desc LIMIT 1   [ RunTime:0.0340s ]
INFO: [ view_parse ] --START--
INFO: [ template_filter ] --START--
INFO: Run Behavior\ContentReplaceBehavior [ RunTime:0.000000s ]
INFO: [ template_filter ] --END-- [ RunTime:0.000000s ]
INFO: Run Behavior\ParseTemplateBehavior [ RunTime:0.005001s ]
INFO: [ view_parse ] --END-- [ RunTime:0.005001s ]
INFO: [ view_filter ] --START--
INFO: Run Behavior\WriteHtmlCacheBehavior [ RunTime:0.000000s ]
INFO: [ view_filter ] --END-- [ RunTime:0.000000s ]
INFO: [ app_end ] --START--
INFO: Run Behavior\ShowPageTraceBehavior [ RunTime:0.001000s ]
INFO: [ app_end ] --END-- [ RunTime:0.001000s ]

[ 2020-02-25T15:18:10+08:00 ] 127.0.0.1 /home/warning/index?page=1
INFO: [ app_init ] --START--
INFO: Run Behavior\BuildLiteBehavior [ RunTime:0.000000s ]
INFO: [ app_init ] --END-- [ RunTime:0.000000s ]
INFO: [ app_begin ] --START--
INFO: Run Behavior\ReadHtmlCacheBehavior [ RunTime:0.001000s ]
INFO: Run Behavior\CheckLangBehavior [ RunTime:0.003000s ]
INFO: [ app_begin ] --END-- [ RunTime:0.004000s ]
INFO: [ view_parse ] --START--
INFO: [ template_filter ] --START--
INFO: Run Behavior\ContentReplaceBehavior [ RunTime:0.000000s ]
INFO: [ template_filter ] --END-- [ RunTime:0.000000s ]
NOTIC: [8] Undefined variable: page F:\C\VSPRO\TMS_WEB\TMTY\Application\Runtime\Cache\Home\7dd8466f41fafacb879d4736903fe25e.php 第 188 行.
INFO: Run Behavior\ParseTemplateBehavior [ RunTime:0.006000s ]
INFO: [ view_parse ] --END-- [ RunTime:0.006000s ]
INFO: [ view_filter ] --START--
INFO: Run Behavior\WriteHtmlCacheBehavior [ RunTime:0.000000s ]
INFO: [ view_filter ] --END-- [ RunTime:0.000000s ]
INFO: [ app_end ] --START--
INFO: Run Behavior\ShowPageTraceBehavior [ RunTime:0.001000s ]
INFO: [ app_end ] --END-- [ RunTime:0.001000s ]

[ 2020-02-25T15:18:11+08:00 ] 127.0.0.1 /home/Supervisory?t=list
INFO: [ app_init ] --START--
INFO: Run Behavior\BuildLiteBehavior [ RunTime:0.000000s ]
INFO: [ app_init ] --END-- [ RunTime:0.000000s ]
INFO: [ app_begin ] --START--
INFO: Run Behavior\ReadHtmlCacheBehavior [ RunTime:0.001000s ]
INFO: Run Behavior\CheckLangBehavior [ RunTime:0.001000s ]
INFO: [ app_begin ] --END-- [ RunTime:0.002000s ]
SQL: SHOW COLUMNS FROM `trapinfo` [ RunTime:0.0110s ]
NOTIC: [8] Undefined index: area F:\C\VSPRO\TMS_WEB\TMTY\Application\Home\Controller\SupervisoryController.class.php 第 555 行.
NOTIC: [8] Undefined index: ts F:\C\VSPRO\TMS_WEB\TMTY\Application\Home\Controller\SupervisoryController.class.php 第 556 行.
NOTIC: [8] Undefined index: te F:\C\VSPRO\TMS_WEB\TMTY\Application\Home\Controller\SupervisoryController.class.php 第 557 行.
NOTIC: [8] Undefined index: tn F:\C\VSPRO\TMS_WEB\TMTY\Application\Home\Controller\SupervisoryController.class.php 第 558 行.
NOTIC: [8] Undefined index: tstate F:\C\VSPRO\TMS_WEB\TMTY\Application\Home\Controller\SupervisoryController.class.php 第 559 行.
SQL: SELECT * FROM `trapinfo` WHERE (  CompanyID=1  ) GROUP BY TrapNo ORDER BY DateCheck desc,areaid,trapno  [ RunTime:0.1570s ]
INFO: [ view_parse ] --START--
INFO: [ template_filter ] --START--
INFO: Run Behavior\ContentReplaceBehavior [ RunTime:0.000000s ]
INFO: [ template_filter ] --END-- [ RunTime:0.000000s ]
INFO: Run Behavior\ParseTemplateBehavior [ RunTime:0.005001s ]
INFO: [ view_parse ] --END-- [ RunTime:0.005001s ]
INFO: [ view_filter ] --START--
INFO: Run Behavior\WriteHtmlCacheBehavior [ RunTime:0.000000s ]
INFO: [ view_filter ] --END-- [ RunTime:0.000000s ]
INFO: [ app_end ] --START--
INFO: Run Behavior\ShowPageTraceBehavior [ RunTime:0.000000s ]
INFO: [ app_end ] --END-- [ RunTime:0.000000s ]

[ 2020-02-25T15:18:12+08:00 ] 127.0.0.1 /home/supervisory/getareas
INFO: [ app_init ] --START--
INFO: Run Behavior\BuildLiteBehavior [ RunTime:0.000000s ]
INFO: [ app_init ] --END-- [ RunTime:0.001000s ]
INFO: [ app_begin ] --START--
INFO: Run Behavior\ReadHtmlCacheBehavior [ RunTime:0.000000s ]
INFO: Run Behavior\CheckLangBehavior [ RunTime:0.002000s ]
INFO: [ app_begin ] --END-- [ RunTime:0.002000s ]
SQL: SHOW COLUMNS FROM `areainfo` [ RunTime:0.0110s ]
SQL: SELECT * FROM `areainfo` WHERE ( CompanyID=1 )  [ RunTime:0.0020s ]
INFO: [ app_end ] --START--
INFO: Run Behavior\ShowPageTraceBehavior [ RunTime:0.001000s ]
INFO: [ app_end ] --END-- [ RunTime:0.001000s ]

[ 2020-02-25T15:18:13+08:00 ] 127.0.0.1 /home/Supervisory?t=line
INFO: [ app_init ] --START--
INFO: Run Behavior\BuildLiteBehavior [ RunTime:0.000000s ]
INFO: [ app_init ] --END-- [ RunTime:0.000000s ]
INFO: [ app_begin ] --START--
INFO: Run Behavior\ReadHtmlCacheBehavior [ RunTime:0.000000s ]
INFO: Run Behavior\CheckLangBehavior [ RunTime:0.002000s ]
INFO: [ app_begin ] --END-- [ RunTime:0.002000s ]
NOTIC: [8] Undefined index: areacode F:\C\VSPRO\TMS_WEB\TMTY\Application\Home\Controller\SupervisoryController.class.php 第 9 行.
NOTIC: [8] Undefined index: trapid F:\C\VSPRO\TMS_WEB\TMTY\Application\Home\Controller\SupervisoryController.class.php 第 13 行.

[ 2020-02-25T15:18:13+08:00 ] 127.0.0.1 /home/supervisory/superline
INFO: [ app_init ] --START--
INFO: Run Behavior\BuildLiteBehavior [ RunTime:0.000000s ]
INFO: [ app_init ] --END-- [ RunTime:0.000000s ]
INFO: [ app_begin ] --START--
INFO: Run Behavior\ReadHtmlCacheBehavior [ RunTime:0.000000s ]
INFO: Run Behavior\CheckLangBehavior [ RunTime:0.002000s ]
INFO: [ app_begin ] --END-- [ RunTime:0.002000s ]
INFO: [ view_parse ] --START--
INFO: [ template_filter ] --START--
INFO: Run Behavior\ContentReplaceBehavior [ RunTime:0.000000s ]
INFO: [ template_filter ] --END-- [ RunTime:0.000000s ]
INFO: Run Behavior\ParseTemplateBehavior [ RunTime:0.005001s ]
INFO: [ view_parse ] --END-- [ RunTime:0.005001s ]
INFO: [ view_filter ] --START--
INFO: Run Behavior\WriteHtmlCacheBehavior [ RunTime:0.000000s ]
INFO: [ view_filter ] --END-- [ RunTime:0.000000s ]
INFO: [ app_end ] --START--
INFO: Run Behavior\ShowPageTraceBehavior [ RunTime:0.001000s ]
INFO: [ app_end ] --END-- [ RunTime:0.001000s ]

[ 2020-02-25T15:18:14+08:00 ] 127.0.0.1 /home/supervisory/getareas
INFO: [ app_init ] --START--
INFO: Run Behavior\BuildLiteBehavior [ RunTime:0.000000s ]
INFO: [ app_init ] --END-- [ RunTime:0.001000s ]
INFO: [ app_begin ] --START--
INFO: Run Behavior\ReadHtmlCacheBehavior [ RunTime:0.000000s ]
INFO: Run Behavior\CheckLangBehavior [ RunTime:0.002000s ]
INFO: [ app_begin ] --END-- [ RunTime:0.003000s ]
SQL: SHOW COLUMNS FROM `areainfo` [ RunTime:0.0100s ]
SQL: SELECT * FROM `areainfo` WHERE ( CompanyID=1 )  [ RunTime:0.0020s ]
INFO: [ app_end ] --START--
INFO: Run Behavior\ShowPageTraceBehavior [ RunTime:0.001000s ]
INFO: [ app_end ] --END-- [ RunTime:0.001000s ]

[ 2020-02-25T15:18:16+08:00 ] 127.0.0.1 /home/supervisory/drawline
INFO: [ app_init ] --START--
INFO: Run Behavior\BuildLiteBehavior [ RunTime:0.000000s ]
INFO: [ app_init ] --END-- [ RunTime:0.000000s ]
INFO: [ app_begin ] --START--
INFO: Run Behavior\ReadHtmlCacheBehavior [ RunTime:0.001000s ]
INFO: Run Behavior\CheckLangBehavior [ RunTime:0.002000s ]
INFO: [ app_begin ] --END-- [ RunTime:0.003000s ]
SQL: SHOW COLUMNS FROM `trapinfo` [ RunTime:0.0120s ]
NOTIC: [8] Undefined index: dn F:\C\VSPRO\TMS_WEB\TMTY\Application\Home\Controller\SupervisoryController.class.php 第 350 行.
SQL: SELECT * FROM `trapinfo` WHERE ( CompanyID=1 ) GROUP BY areaid ORDER BY DateCheck desc LIMIT 5   [ RunTime:0.1040s ]
SQL: SELECT * FROM `trapinfo` WHERE ( CompanyID=1 and TrapNo='0201' ) ORDER BY DateCheck desc LIMIT 10   [ RunTime:0.0220s ]
SQL: SELECT * FROM `trapinfo` WHERE ( CompanyID=1 and TrapNo='0201' ) ORDER BY DateCheck desc LIMIT 10   [ RunTime:0.0230s ]
SQL: SELECT * FROM `trapinfo` WHERE ( CompanyID=1 and TrapNo='0103' ) ORDER BY DateCheck desc LIMIT 10   [ RunTime:0.0220s ]
SQL: SELECT * FROM `trapinfo` WHERE ( CompanyID=1 and TrapNo='0102' ) ORDER BY DateCheck desc LIMIT 10   [ RunTime:0.0220s ]
INFO: [ app_end ] --START--
INFO: Run Behavior\ShowPageTraceBehavior [ RunTime:0.000000s ]
INFO: [ app_end ] --END-- [ RunTime:0.000000s ]

[ 2020-02-25T15:18:21+08:00 ] 127.0.0.1 /home/Supervisory/showmax2d
INFO: [ app_init ] --START--
INFO: Run Behavior\BuildLiteBehavior [ RunTime:0.000000s ]
INFO: [ app_init ] --END-- [ RunTime:0.000000s ]
INFO: [ app_begin ] --START--
INFO: Run Behavior\ReadHtmlCacheBehavior [ RunTime:0.000000s ]
INFO: Run Behavior\CheckLangBehavior [ RunTime:0.002000s ]
INFO: [ app_begin ] --END-- [ RunTime:0.002000s ]
SQL: SHOW COLUMNS FROM `areainfo` [ RunTime:0.0100s ]
SQL: SHOW COLUMNS FROM `trapmodel` [ RunTime:0.0120s ]
SQL: SHOW COLUMNS FROM `trapinfo` [ RunTime:0.0110s ]
SQL: SELECT * FROM `areainfo` WHERE ( CompanyID=1 ) ORDER BY AreaLocation  [ RunTime:0.0010s ]
SQL: SELECT * FROM `trapmodel` WHERE ( CompanyID=1 and AreaId=1 ) ORDER BY OrderNum  [ RunTime:0.0010s ]
SQL: SELECT * FROM `trapinfo` WHERE ( companyid=1 and trapno='0201' and AreaId=1 ) ORDER BY id desc LIMIT 1   [ RunTime:0.0390s ]
SQL: SELECT * FROM `trapinfo` WHERE ( companyid=1 and trapno='0206' and AreaId=1 ) ORDER BY id desc LIMIT 1   [ RunTime:0.0350s ]
SQL: SELECT * FROM `trapinfo` WHERE ( companyid=1 and trapno='0101' and AreaId=1 ) ORDER BY id desc LIMIT 1   [ RunTime:0.0780s ]
SQL: SELECT * FROM `trapinfo` WHERE ( companyid=1 and trapno='0103' and AreaId=1 ) ORDER BY id desc LIMIT 1   [ RunTime:0.0720s ]
SQL: SELECT * FROM `trapinfo` WHERE ( companyid=1 and trapno='0110' and AreaId=1 ) ORDER BY id desc LIMIT 1   [ RunTime:0.0910s ]
SQL: SELECT * FROM `trapinfo` WHERE ( companyid=1 and trapno='0111' and AreaId=1 ) ORDER BY id desc LIMIT 1   [ RunTime:0.0790s ]
SQL: SELECT * FROM `trapinfo` WHERE ( companyid=1 and trapno='0112' and AreaId=1 ) ORDER BY id desc LIMIT 1   [ RunTime:0.0810s ]
SQL: SELECT * FROM `trapinfo` WHERE ( companyid=1 and trapno='0113' and AreaId=1 ) ORDER BY id desc LIMIT 1   [ RunTime:0.0780s ]
SQL: SELECT * FROM `trapmodel` WHERE ( CompanyID=1 and AreaId=2 ) ORDER BY OrderNum  [ RunTime:0.0010s ]
SQL: SELECT * FROM `trapinfo` WHERE ( companyid=1 and trapno='0205' and AreaId=2 ) ORDER BY id desc LIMIT 1   [ RunTime:0.0360s ]
SQL: SELECT * FROM `trapinfo` WHERE ( companyid=1 and trapno='0102' and AreaId=2 ) ORDER BY id desc LIMIT 1   [ RunTime:0.0740s ]
SQL: SELECT * FROM `trapmodel` WHERE ( CompanyID=1 and AreaId=3 ) ORDER BY OrderNum  [ RunTime:0.0010s ]
NOTIC: [2] Invalid argument supplied for foreach() F:\C\VSPRO\TMS_WEB\TMTY\Application\Home\Controller\SupervisoryController.class.php 第 88 行.
SQL: SELECT * FROM `trapmodel` WHERE ( CompanyID=1 and AreaId=10 ) ORDER BY OrderNum  [ RunTime:0.0010s ]
SQL: SELECT * FROM `trapinfo` WHERE ( companyid=1 and trapno='0202' and AreaId=10 ) ORDER BY id desc LIMIT 1   [ RunTime:0.0350s ]
SQL: SELECT * FROM `trapinfo` WHERE ( companyid=1 and trapno='0203' and AreaId=10 ) ORDER BY id desc LIMIT 1   [ RunTime:0.0530s ]
SQL: SELECT * FROM `trapinfo` WHERE ( companyid=1 and trapno='0204' and AreaId=10 ) ORDER BY id desc LIMIT 1   [ RunTime:0.0360s ]
SQL: SELECT * FROM `trapinfo` WHERE ( companyid=1 and trapno='0207' and AreaId=10 ) ORDER BY id desc LIMIT 1   [ RunTime:0.0350s ]
SQL: SELECT * FROM `trapinfo` WHERE ( companyid=1 and trapno='0208' and AreaId=10 ) ORDER BY id desc LIMIT 1   [ RunTime:0.0350s ]
SQL: SELECT * FROM `trapinfo` WHERE ( companyid=1 and trapno='0209' and AreaId=10 ) ORDER BY id desc LIMIT 1   [ RunTime:0.0350s ]
SQL: SELECT * FROM `trapinfo` WHERE ( companyid=1 and trapno='020A' and AreaId=10 ) ORDER BY id desc LIMIT 1   [ RunTime:0.0350s ]
SQL: SELECT * FROM `trapinfo` WHERE ( companyid=1 and trapno='0301' and AreaId=10 ) ORDER BY id desc LIMIT 1   [ RunTime:0.0320s ]
SQL: SELECT * FROM `trapinfo` WHERE ( companyid=1 and trapno='0302' and AreaId=10 ) ORDER BY id desc LIMIT 1   [ RunTime:0.0330s ]
INFO: [ view_parse ] --START--
INFO: [ template_filter ] --START--
INFO: Run Behavior\ContentReplaceBehavior [ RunTime:0.000000s ]
INFO: [ template_filter ] --END-- [ RunTime:0.001001s ]
INFO: Run Behavior\ParseTemplateBehavior [ RunTime:0.004001s ]
INFO: [ view_parse ] --END-- [ RunTime:0.004001s ]
INFO: [ view_filter ] --START--
INFO: Run Behavior\WriteHtmlCacheBehavior [ RunTime:0.001000s ]
INFO: [ view_filter ] --END-- [ RunTime:0.001000s ]
INFO: [ app_end ] --START--
INFO: Run Behavior\ShowPageTraceBehavior [ RunTime:0.000000s ]
INFO: [ app_end ] --END-- [ RunTime:0.000000s ]

[ 2020-02-25T15:18:29+08:00 ] 127.0.0.1 /home/Supervisory?t=line&trapid=89
INFO: [ app_init ] --START--
INFO: Run Behavior\BuildLiteBehavior [ RunTime:0.000000s ]
INFO: [ app_init ] --END-- [ RunTime:0.000000s ]
INFO: [ app_begin ] --START--
INFO: Run Behavior\ReadHtmlCacheBehavior [ RunTime:0.001000s ]
INFO: Run Behavior\CheckLangBehavior [ RunTime:0.001000s ]
INFO: [ app_begin ] --END-- [ RunTime:0.002000s ]
NOTIC: [8] Undefined index: areacode F:\C\VSPRO\TMS_WEB\TMTY\Application\Home\Controller\SupervisoryController.class.php 第 9 行.
SQL: SHOW COLUMNS FROM `trapmodel` [ RunTime:0.0120s ]
SQL: SELECT * FROM `trapmodel` WHERE ( id=89 ) LIMIT 1   [ RunTime:0.0010s ]

[ 2020-02-25T15:18:29+08:00 ] 127.0.0.1 /home/supervisory/superline?trapid=0205
INFO: [ app_init ] --START--
INFO: Run Behavior\BuildLiteBehavior [ RunTime:0.000000s ]
INFO: [ app_init ] --END-- [ RunTime:0.001000s ]
INFO: [ app_begin ] --START--
INFO: Run Behavior\ReadHtmlCacheBehavior [ RunTime:0.001000s ]
INFO: Run Behavior\CheckLangBehavior [ RunTime:0.001000s ]
INFO: [ app_begin ] --END-- [ RunTime:0.003000s ]
INFO: [ view_parse ] --START--
INFO: [ template_filter ] --START--
INFO: Run Behavior\ContentReplaceBehavior [ RunTime:0.000000s ]
INFO: [ template_filter ] --END-- [ RunTime:0.000000s ]
INFO: Run Behavior\ParseTemplateBehavior [ RunTime:0.006000s ]
INFO: [ view_parse ] --END-- [ RunTime:0.006000s ]
INFO: [ view_filter ] --START--
INFO: Run Behavior\WriteHtmlCacheBehavior [ RunTime:0.000000s ]
INFO: [ view_filter ] --END-- [ RunTime:0.000000s ]
INFO: [ app_end ] --START--
INFO: Run Behavior\ShowPageTraceBehavior [ RunTime:0.001000s ]
INFO: [ app_end ] --END-- [ RunTime:0.001000s ]

[ 2020-02-25T15:18:30+08:00 ] 127.0.0.1 /home/supervisory/getareas
INFO: [ app_init ] --START--
INFO: Run Behavior\BuildLiteBehavior [ RunTime:0.000000s ]
INFO: [ app_init ] --END-- [ RunTime:0.001000s ]
INFO: [ app_begin ] --START--
INFO: Run Behavior\ReadHtmlCacheBehavior [ RunTime:0.001001s ]
INFO: Run Behavior\CheckLangBehavior [ RunTime:0.001000s ]
INFO: [ app_begin ] --END-- [ RunTime:0.002001s ]
SQL: SHOW COLUMNS FROM `areainfo` [ RunTime:0.0100s ]
SQL: SELECT * FROM `areainfo` WHERE ( CompanyID=1 )  [ RunTime:0.0020s ]
INFO: [ app_end ] --START--
INFO: Run Behavior\ShowPageTraceBehavior [ RunTime:0.001000s ]
INFO: [ app_end ] --END-- [ RunTime:0.001000s ]

[ 2020-02-25T15:18:31+08:00 ] 127.0.0.1 /home/supervisory/drawline_search?sjjg=a&area=&trap=0205&state=
INFO: [ app_init ] --START--
INFO: Run Behavior\BuildLiteBehavior [ RunTime:0.000000s ]
INFO: [ app_init ] --END-- [ RunTime:0.000000s ]
INFO: [ app_begin ] --START--
INFO: Run Behavior\ReadHtmlCacheBehavior [ RunTime:0.001000s ]
INFO: Run Behavior\CheckLangBehavior [ RunTime:0.001000s ]
INFO: [ app_begin ] --END-- [ RunTime:0.002000s ]
SQL: SHOW COLUMNS FROM `trapinfo` [ RunTime:0.0120s ]
SQL: SHOW COLUMNS FROM `roleadmin` [ RunTime:0.0470s ]
SQL: SELECT * FROM `roleadmin` WHERE ( (CompanyID=0 or CompanyID=1) )  [ RunTime:0.0010s ]
SQL: select id,companyid,areaid,area,trapname,trapno,newtem,DATE_FORMAT(datecheck,'%Y-%m-%d %H:%i') dc from trapinfo where CompanyID=1 and TrapNo like '%0205%' and NOW()>=(createtime + INTERVAL 14 MINUTE) GROUP by dc order by dc [ RunTime:0.0450s ]
SQL: select trapno,areaid from trapinfo where CompanyID=1 and TrapNo like '%0205%' and NOW()>=(createtime + INTERVAL 14 MINUTE) group by trapno [ RunTime:0.0270s ]
NOTIC: [8] Undefined variable: res_echo F:\C\VSPRO\TMS_WEB\TMTY\Application\Home\Controller\SupervisoryController.class.php 第 301 行.
INFO: [ app_end ] --START--
INFO: Run Behavior\ShowPageTraceBehavior [ RunTime:0.000000s ]
INFO: [ app_end ] --END-- [ RunTime:0.000000s ]

