[ 2020-11-10T19:20:49+08:00 ] ::1 /home/supervisory/getareas
INFO: [ app_init ] --START--
INFO: Run Behavior\BuildLiteBehavior [ RunTime:0.000018s ]
INFO: [ app_init ] --END-- [ RunTime:0.000534s ]
INFO: [ app_begin ] --START--
INFO: Run Behavior\ReadHtmlCacheBehavior [ RunTime:0.001015s ]
INFO: Run Behavior\CheckLangBehavior [ RunTime:0.003452s ]
INFO: [ app_begin ] --END-- [ RunTime:0.004646s ]
SQL: SHOW COLUMNS FROM `areainfo` [ RunTime:0.0012s ]
SQL: SELECT * FROM `areainfo` WHERE ( CompanyID=1 )  [ RunTime:0.0005s ]
INFO: [ app_end ] --START--
INFO: Run Behavior\ShowPageTraceBehavior [ RunTime:0.000509s ]
INFO: [ app_end ] --END-- [ RunTime:0.000545s ]

[ 2020-11-10T19:20:51+08:00 ] ::1 /home/supervisory/edit?sid=185568&tid=013a
INFO: [ app_init ] --START--
INFO: Run Behavior\BuildLiteBehavior [ RunTime:0.000025s ]
INFO: [ app_init ] --END-- [ RunTime:0.000581s ]
INFO: [ app_begin ] --START--
INFO: Run Behavior\ReadHtmlCacheBehavior [ RunTime:0.000745s ]
INFO: Run Behavior\CheckLangBehavior [ RunTime:0.002116s ]
INFO: [ app_begin ] --END-- [ RunTime:0.002984s ]
INFO: [ view_parse ] --START--
INFO: [ template_filter ] --START--
INFO: Run Behavior\ContentReplaceBehavior [ RunTime:0.000081s ]
INFO: [ template_filter ] --END-- [ RunTime:0.000144s ]
NOTIC: [8] Undefined variable: table_list D:\SoftWare\phpstudy_pro\WWW\Application\Runtime\Cache\Home\d0ad110877c0bd2dc423498c81eab408.php 第 115 行.
NOTIC: [8] Undefined variable: table_list D:\SoftWare\phpstudy_pro\WWW\Application\Runtime\Cache\Home\d0ad110877c0bd2dc423498c81eab408.php 第 117 行.
NOTIC: [8] Undefined variable: table_list D:\SoftWare\phpstudy_pro\WWW\Application\Runtime\Cache\Home\d0ad110877c0bd2dc423498c81eab408.php 第 121 行.
NOTIC: [8] Undefined variable: table_list D:\SoftWare\phpstudy_pro\WWW\Application\Runtime\Cache\Home\d0ad110877c0bd2dc423498c81eab408.php 第 123 行.
NOTIC: [8] Undefined variable: table_list D:\SoftWare\phpstudy_pro\WWW\Application\Runtime\Cache\Home\d0ad110877c0bd2dc423498c81eab408.php 第 127 行.
NOTIC: [8] Undefined variable: table_list D:\SoftWare\phpstudy_pro\WWW\Application\Runtime\Cache\Home\d0ad110877c0bd2dc423498c81eab408.php 第 129 行.
INFO: Run Behavior\ParseTemplateBehavior [ RunTime:0.007437s ]
INFO: [ view_parse ] --END-- [ RunTime:0.007480s ]
INFO: [ view_filter ] --START--
INFO: Run Behavior\WriteHtmlCacheBehavior [ RunTime:0.000218s ]
INFO: [ view_filter ] --END-- [ RunTime:0.000245s ]
INFO: [ app_end ] --START--
INFO: Run Behavior\ShowPageTraceBehavior [ RunTime:0.000450s ]
INFO: [ app_end ] --END-- [ RunTime:0.000482s ]

[ 2020-11-10T19:24:18+08:00 ] ::1 /home/supervisory/edit?sid=185568&tid=013a
INFO: [ app_init ] --START--
INFO: Run Behavior\BuildLiteBehavior [ RunTime:0.000020s ]
INFO: [ app_init ] --END-- [ RunTime:0.000551s ]
INFO: [ app_begin ] --START--
INFO: Run Behavior\ReadHtmlCacheBehavior [ RunTime:0.000509s ]
INFO: Run Behavior\CheckLangBehavior [ RunTime:0.001266s ]
INFO: [ app_begin ] --END-- [ RunTime:0.001847s ]
SQL: SHOW COLUMNS FROM `trapinfo` [ RunTime:0.0012s ]
SQL: SELECT * FROM `trapinfo` WHERE ( CompanyID=1 ) LIMIT 1   [ RunTime:0.0008s ]
INFO: [ view_parse ] --START--
INFO: [ template_filter ] --START--
INFO: Run Behavior\ContentReplaceBehavior [ RunTime:0.000084s ]
INFO: [ template_filter ] --END-- [ RunTime:0.000152s ]
NOTIC: [8] Undefined index: aredid D:\SoftWare\phpstudy_pro\WWW\Application\Runtime\Cache\Home\d0ad110877c0bd2dc423498c81eab408.php 第 121 行.
NOTIC: [8] Undefined index: treastate D:\SoftWare\phpstudy_pro\WWW\Application\Runtime\Cache\Home\d0ad110877c0bd2dc423498c81eab408.php 第 127 行.
INFO: Run Behavior\ParseTemplateBehavior [ RunTime:0.011450s ]
INFO: [ view_parse ] --END-- [ RunTime:0.011502s ]
INFO: [ view_filter ] --START--
INFO: Run Behavior\WriteHtmlCacheBehavior [ RunTime:0.000739s ]
INFO: [ view_filter ] --END-- [ RunTime:0.000811s ]
INFO: [ app_end ] --START--
INFO: Run Behavior\ShowPageTraceBehavior [ RunTime:0.000954s ]
INFO: [ app_end ] --END-- [ RunTime:0.001030s ]

[ 2020-11-10T19:24:38+08:00 ] ::1 /home/supervisory/edit?sid=185568&tid=013a
INFO: [ app_init ] --START--
INFO: Run Behavior\BuildLiteBehavior [ RunTime:0.000012s ]
INFO: [ app_init ] --END-- [ RunTime:0.000360s ]
INFO: [ app_begin ] --START--
INFO: Run Behavior\ReadHtmlCacheBehavior [ RunTime:0.000549s ]
INFO: Run Behavior\CheckLangBehavior [ RunTime:0.002965s ]
INFO: [ app_begin ] --END-- [ RunTime:0.003620s ]
SQL: SHOW COLUMNS FROM `trapinfo` [ RunTime:0.0021s ]
SQL: SELECT * FROM `trapinfo` WHERE ( CompanyID=1 ) LIMIT 1   [ RunTime:0.0012s ]
INFO: [ view_parse ] --START--
INFO: [ template_filter ] --START--
INFO: Run Behavior\ContentReplaceBehavior [ RunTime:0.000055s ]
INFO: [ template_filter ] --END-- [ RunTime:0.000093s ]
NOTIC: [8] Undefined index: aredid D:\SoftWare\phpstudy_pro\WWW\Application\Runtime\Cache\Home\d0ad110877c0bd2dc423498c81eab408.php 第 121 行.
NOTIC: [8] Undefined index: treastate D:\SoftWare\phpstudy_pro\WWW\Application\Runtime\Cache\Home\d0ad110877c0bd2dc423498c81eab408.php 第 127 行.
INFO: Run Behavior\ParseTemplateBehavior [ RunTime:0.006095s ]
INFO: [ view_parse ] --END-- [ RunTime:0.006135s ]
INFO: [ view_filter ] --START--
INFO: Run Behavior\WriteHtmlCacheBehavior [ RunTime:0.000220s ]
INFO: [ view_filter ] --END-- [ RunTime:0.000249s ]
INFO: [ app_end ] --START--
INFO: Run Behavior\ShowPageTraceBehavior [ RunTime:0.000447s ]
INFO: [ app_end ] --END-- [ RunTime:0.000478s ]

[ 2020-11-10T19:28:02+08:00 ] ::1 /home/Systemset/usermanager?page=1
INFO: [ app_init ] --START--
INFO: Run Behavior\BuildLiteBehavior [ RunTime:0.000013s ]
INFO: [ app_init ] --END-- [ RunTime:0.000387s ]
INFO: [ app_begin ] --START--
INFO: Run Behavior\ReadHtmlCacheBehavior [ RunTime:0.000522s ]
INFO: Run Behavior\CheckLangBehavior [ RunTime:0.001469s ]
INFO: [ app_begin ] --END-- [ RunTime:0.002074s ]
SQL: SHOW COLUMNS FROM `subuser` [ RunTime:0.0012s ]
SQL: SELECT COUNT(*) AS tp_count FROM `subuser` WHERE ( AdminName='test' and CompanyID=1 ) LIMIT 1   [ RunTime:0.0005s ]
SQL: SELECT * FROM `subuser` WHERE ( AdminName='test' and CompanyID=1 ) ORDER BY Id ASC LIMIT 0,10   [ RunTime:0.0004s ]
INFO: [ view_parse ] --START--
INFO: [ template_filter ] --START--
INFO: Run Behavior\ContentReplaceBehavior [ RunTime:0.000181s ]
INFO: [ template_filter ] --END-- [ RunTime:0.000269s ]
INFO: Run Behavior\ParseTemplateBehavior [ RunTime:0.008955s ]
INFO: [ view_parse ] --END-- [ RunTime:0.009001s ]
INFO: [ view_filter ] --START--
INFO: Run Behavior\WriteHtmlCacheBehavior [ RunTime:0.000231s ]
INFO: [ view_filter ] --END-- [ RunTime:0.000260s ]
INFO: [ app_end ] --START--
INFO: Run Behavior\ShowPageTraceBehavior [ RunTime:0.000459s ]
INFO: [ app_end ] --END-- [ RunTime:0.000525s ]

[ 2020-11-10T19:33:25+08:00 ] ::1 /home/Supervisory?t=list
INFO: [ app_init ] --START--
INFO: Run Behavior\BuildLiteBehavior [ RunTime:0.000013s ]
INFO: [ app_init ] --END-- [ RunTime:0.000385s ]
INFO: [ app_begin ] --START--
INFO: Run Behavior\ReadHtmlCacheBehavior [ RunTime:0.000529s ]
INFO: Run Behavior\CheckLangBehavior [ RunTime:0.001488s ]
INFO: [ app_begin ] --END-- [ RunTime:0.002095s ]
SQL: SHOW COLUMNS FROM `trapinfo` [ RunTime:0.0012s ]
NOTIC: [8] Undefined index: area D:\SoftWare\phpstudy_pro\WWW\Application\Home\Controller\SupervisoryController.class.php 第 562 行.
NOTIC: [8] Undefined index: ts D:\SoftWare\phpstudy_pro\WWW\Application\Home\Controller\SupervisoryController.class.php 第 563 行.
NOTIC: [8] Undefined index: te D:\SoftWare\phpstudy_pro\WWW\Application\Home\Controller\SupervisoryController.class.php 第 564 行.
NOTIC: [8] Undefined index: tn D:\SoftWare\phpstudy_pro\WWW\Application\Home\Controller\SupervisoryController.class.php 第 565 行.
NOTIC: [8] Undefined index: tstate D:\SoftWare\phpstudy_pro\WWW\Application\Home\Controller\SupervisoryController.class.php 第 566 行.
SQL: SELECT * FROM `trapinfo` WHERE ( CompanyID=1  ) GROUP BY TrapNo ORDER BY DateCheck desc,areaid,trapno  [ RunTime:0.0738s ]
INFO: [ view_parse ] --START--
INFO: [ template_filter ] --START--
INFO: Run Behavior\ContentReplaceBehavior [ RunTime:0.000049s ]
INFO: [ template_filter ] --END-- [ RunTime:0.000090s ]
INFO: Run Behavior\ParseTemplateBehavior [ RunTime:0.006441s ]
INFO: [ view_parse ] --END-- [ RunTime:0.006486s ]
INFO: [ view_filter ] --START--
INFO: Run Behavior\WriteHtmlCacheBehavior [ RunTime:0.000223s ]
INFO: [ view_filter ] --END-- [ RunTime:0.000250s ]
INFO: [ app_end ] --START--
INFO: Run Behavior\ShowPageTraceBehavior [ RunTime:0.000495s ]
INFO: [ app_end ] --END-- [ RunTime:0.000536s ]

[ 2020-11-10T19:33:26+08:00 ] ::1 /home/supervisory/getareas
INFO: [ app_init ] --START--
INFO: Run Behavior\BuildLiteBehavior [ RunTime:0.000019s ]
INFO: [ app_init ] --END-- [ RunTime:0.000519s ]
INFO: [ app_begin ] --START--
INFO: Run Behavior\ReadHtmlCacheBehavior [ RunTime:0.000792s ]
INFO: Run Behavior\CheckLangBehavior [ RunTime:0.001604s ]
INFO: [ app_begin ] --END-- [ RunTime:0.002545s ]
SQL: SHOW COLUMNS FROM `areainfo` [ RunTime:0.0008s ]
SQL: SELECT * FROM `areainfo` WHERE ( CompanyID=1 )  [ RunTime:0.0005s ]
INFO: [ app_end ] --START--
INFO: Run Behavior\ShowPageTraceBehavior [ RunTime:0.000531s ]
INFO: [ app_end ] --END-- [ RunTime:0.000567s ]

[ 2020-11-10T22:27:31+08:00 ] ::1 /home/Systemset
INFO: [ app_init ] --START--
INFO: Run Behavior\BuildLiteBehavior [ RunTime:0.000040s ]
INFO: [ app_init ] --END-- [ RunTime:0.001161s ]
INFO: [ app_begin ] --START--
INFO: Run Behavior\ReadHtmlCacheBehavior [ RunTime:0.001358s ]
INFO: Run Behavior\CheckLangBehavior [ RunTime:0.012256s ]
INFO: [ app_begin ] --END-- [ RunTime:0.013826s ]
NOTIC: [8] Undefined index: oid D:\SoftWare\phpstudy_pro\WWW\Application\Home\Controller\SystemsetController.class.php 第 7 行.
SQL: SHOW COLUMNS FROM `areainfo` [ RunTime:0.0361s ]
SQL: SHOW COLUMNS FROM `trapmodel` [ RunTime:0.0109s ]
SQL: SELECT * FROM `areainfo` WHERE ( companyid=1 ) ORDER BY arealocation asc  [ RunTime:0.0070s ]
SQL: SHOW COLUMNS FROM `layout` [ RunTime:0.0077s ]
SQL: SELECT * FROM `layout` WHERE ( companyid=1 ) LIMIT 1   [ RunTime:0.0015s ]
SQL: SELECT * FROM `trapmodel` WHERE ( CompanyID='1' and AreaId='99'  ) GROUP BY TrapNo  [ RunTime:0.0063s ]
NOTIC: [8] Undefined variable: L_str D:\SoftWare\phpstudy_pro\WWW\Application\Home\Controller\SystemsetController.class.php 第 277 行.
SQL: SELECT * FROM `trapmodel` WHERE ( CompanyID='1' and AreaId='98'  ) GROUP BY TrapNo  [ RunTime:0.0018s ]
NOTIC: [8] Undefined variable: M_str D:\SoftWare\phpstudy_pro\WWW\Application\Home\Controller\SystemsetController.class.php 第 288 行.
NOTIC: [8] Undefined variable: R_str D:\SoftWare\phpstudy_pro\WWW\Application\Home\Controller\SystemsetController.class.php 第 289 行.
SQL: SELECT * FROM `layout` WHERE ( companyid=1 ) LIMIT 1   [ RunTime:0.0006s ]
INFO: [ view_parse ] --START--
INFO: [ template_filter ] --START--
INFO: Run Behavior\ContentReplaceBehavior [ RunTime:0.000133s ]
INFO: [ template_filter ] --END-- [ RunTime:0.000229s ]
INFO: Run Behavior\ParseTemplateBehavior [ RunTime:0.055538s ]
INFO: [ view_parse ] --END-- [ RunTime:0.055652s ]
INFO: [ view_filter ] --START--
INFO: Run Behavior\WriteHtmlCacheBehavior [ RunTime:0.000575s ]
INFO: [ view_filter ] --END-- [ RunTime:0.000652s ]
INFO: [ app_end ] --START--
INFO: Run Behavior\ShowPageTraceBehavior [ RunTime:0.001201s ]
INFO: [ app_end ] --END-- [ RunTime:0.001290s ]

[ 2020-11-10T22:27:33+08:00 ] ::1 /home/AreaInfo
INFO: [ app_init ] --START--
INFO: Run Behavior\BuildLiteBehavior [ RunTime:0.000020s ]
INFO: [ app_init ] --END-- [ RunTime:0.000539s ]
INFO: [ app_begin ] --START--
INFO: Run Behavior\ReadHtmlCacheBehavior [ RunTime:0.000853s ]
INFO: Run Behavior\CheckLangBehavior [ RunTime:0.004639s ]
INFO: [ app_begin ] --END-- [ RunTime:0.005692s ]
SQL: SHOW COLUMNS FROM `companyinfo` [ RunTime:0.0047s ]
SQL: SELECT * FROM `companyinfo` WHERE ( Id=1 and LoginName='test' ) LIMIT 1   [ RunTime:0.0008s ]
INFO: [ view_parse ] --START--
INFO: [ template_filter ] --START--
INFO: Run Behavior\ContentReplaceBehavior [ RunTime:0.000308s ]
INFO: [ template_filter ] --END-- [ RunTime:0.000369s ]
INFO: Run Behavior\ParseTemplateBehavior [ RunTime:0.020075s ]
INFO: [ view_parse ] --END-- [ RunTime:0.020148s ]
INFO: [ view_filter ] --START--
INFO: Run Behavior\WriteHtmlCacheBehavior [ RunTime:0.000289s ]
INFO: [ view_filter ] --END-- [ RunTime:0.000340s ]
INFO: [ app_end ] --START--
INFO: Run Behavior\ShowPageTraceBehavior [ RunTime:0.001087s ]
INFO: [ app_end ] --END-- [ RunTime:0.001180s ]

[ 2020-11-10T22:27:33+08:00 ] ::1 /home/supervisory/getareas
INFO: [ app_init ] --START--
INFO: Run Behavior\BuildLiteBehavior [ RunTime:0.000014s ]
INFO: [ app_init ] --END-- [ RunTime:0.000388s ]
INFO: [ app_begin ] --START--
INFO: Run Behavior\ReadHtmlCacheBehavior [ RunTime:0.000506s ]
INFO: Run Behavior\CheckLangBehavior [ RunTime:0.001398s ]
INFO: [ app_begin ] --END-- [ RunTime:0.001987s ]
SQL: SHOW COLUMNS FROM `areainfo` [ RunTime:0.0020s ]
SQL: SELECT * FROM `areainfo` WHERE ( CompanyID=1 )  [ RunTime:0.0003s ]
INFO: [ app_end ] --START--
INFO: Run Behavior\ShowPageTraceBehavior [ RunTime:0.000745s ]
INFO: [ app_end ] --END-- [ RunTime:0.000799s ]

[ 2020-11-10T22:27:34+08:00 ] ::1 /home/AreaInfo/getarealist?page=1
INFO: [ app_init ] --START--
INFO: Run Behavior\BuildLiteBehavior [ RunTime:0.000029s ]
INFO: [ app_init ] --END-- [ RunTime:0.000783s ]
INFO: [ app_begin ] --START--
INFO: Run Behavior\ReadHtmlCacheBehavior [ RunTime:0.001135s ]
INFO: Run Behavior\CheckLangBehavior [ RunTime:0.003123s ]
INFO: [ app_begin ] --END-- [ RunTime:0.004440s ]
SQL: SHOW COLUMNS FROM `areainfo` [ RunTime:0.0033s ]
SQL: SELECT COUNT(*) AS tp_count FROM `areainfo` WHERE (  companyid=1 ) ORDER BY Id LIMIT 1   [ RunTime:0.0039s ]
SQL: SELECT * FROM `areainfo` WHERE (  companyid=1 ) ORDER BY Id LIMIT 0,3   [ RunTime:0.0006s ]
INFO: [ app_end ] --START--
INFO: Run Behavior\ShowPageTraceBehavior [ RunTime:0.001236s ]
INFO: [ app_end ] --END-- [ RunTime:0.001337s ]

[ 2020-11-10T22:27:34+08:00 ] ::1 /home/AreaInfo/gettraplist?page=1&area=&trap=&trapty=&keys=
INFO: [ app_init ] --START--
INFO: Run Behavior\BuildLiteBehavior [ RunTime:0.000024s ]
INFO: [ app_init ] --END-- [ RunTime:0.000662s ]
INFO: [ app_begin ] --START--
INFO: Run Behavior\ReadHtmlCacheBehavior [ RunTime:0.000869s ]
INFO: Run Behavior\CheckLangBehavior [ RunTime:0.002673s ]
INFO: [ app_begin ] --END-- [ RunTime:0.003670s ]
SQL: SHOW COLUMNS FROM `trapmodel` [ RunTime:0.0028s ]
SQL: SELECT COUNT(*) AS tp_count FROM `trapmodel` WHERE (  companyid=1 ) ORDER BY Id LIMIT 1   [ RunTime:0.0061s ]
SQL: SELECT * FROM `trapmodel` WHERE (  companyid=1 ) ORDER BY areaId,ordernum  LIMIT 0,5   [ RunTime:0.0012s ]
INFO: [ app_end ] --START--
INFO: Run Behavior\ShowPageTraceBehavior [ RunTime:0.001284s ]
INFO: [ app_end ] --END-- [ RunTime:0.001354s ]

[ 2020-11-10T22:27:40+08:00 ] ::1 /home/AreaInfo/UpdateArea?oid=98
INFO: [ app_init ] --START--
INFO: Run Behavior\BuildLiteBehavior [ RunTime:0.000023s ]
INFO: [ app_init ] --END-- [ RunTime:0.000573s ]
INFO: [ app_begin ] --START--
INFO: Run Behavior\ReadHtmlCacheBehavior [ RunTime:0.000885s ]
INFO: Run Behavior\CheckLangBehavior [ RunTime:0.001838s ]
INFO: [ app_begin ] --END-- [ RunTime:0.002859s ]
ERR: 非法操作:UpdateArea

[ 2020-11-10T22:28:29+08:00 ] ::1 /home/AreaInfo
INFO: [ app_init ] --START--
INFO: Run Behavior\BuildLiteBehavior [ RunTime:0.000028s ]
INFO: [ app_init ] --END-- [ RunTime:0.000792s ]
INFO: [ app_begin ] --START--
INFO: Run Behavior\ReadHtmlCacheBehavior [ RunTime:0.001242s ]
INFO: Run Behavior\CheckLangBehavior [ RunTime:0.002218s ]
INFO: [ app_begin ] --END-- [ RunTime:0.003640s ]
SQL: SHOW COLUMNS FROM `companyinfo` [ RunTime:0.0021s ]
SQL: SELECT * FROM `companyinfo` WHERE ( Id=1 and LoginName='test' ) LIMIT 1   [ RunTime:0.0007s ]
INFO: [ view_parse ] --START--
INFO: [ template_filter ] --START--
INFO: Run Behavior\ContentReplaceBehavior [ RunTime:0.000425s ]
INFO: [ template_filter ] --END-- [ RunTime:0.000504s ]
INFO: Run Behavior\ParseTemplateBehavior [ RunTime:0.016444s ]
INFO: [ view_parse ] --END-- [ RunTime:0.016505s ]
INFO: [ view_filter ] --START--
INFO: Run Behavior\WriteHtmlCacheBehavior [ RunTime:0.000224s ]
INFO: [ view_filter ] --END-- [ RunTime:0.000258s ]
INFO: [ app_end ] --START--
INFO: Run Behavior\ShowPageTraceBehavior [ RunTime:0.000506s ]
INFO: [ app_end ] --END-- [ RunTime:0.000552s ]

[ 2020-11-10T22:28:29+08:00 ] ::1 /home/supervisory/getareas
INFO: [ app_init ] --START--
INFO: Run Behavior\BuildLiteBehavior [ RunTime:0.000103s ]
INFO: [ app_init ] --END-- [ RunTime:0.000959s ]
INFO: [ app_begin ] --START--
INFO: Run Behavior\ReadHtmlCacheBehavior [ RunTime:0.002090s ]
INFO: Run Behavior\CheckLangBehavior [ RunTime:0.005800s ]
INFO: [ app_begin ] --END-- [ RunTime:0.008094s ]
SQL: SHOW COLUMNS FROM `areainfo` [ RunTime:0.0022s ]
SQL: SELECT * FROM `areainfo` WHERE ( CompanyID=1 )  [ RunTime:0.0005s ]
INFO: [ app_end ] --START--
INFO: Run Behavior\ShowPageTraceBehavior [ RunTime:0.000838s ]
INFO: [ app_end ] --END-- [ RunTime:0.000916s ]

[ 2020-11-10T22:28:29+08:00 ] ::1 /home/AreaInfo/getarealist?page=1
INFO: [ app_init ] --START--
INFO: Run Behavior\BuildLiteBehavior [ RunTime:0.000033s ]
INFO: [ app_init ] --END-- [ RunTime:0.001186s ]
INFO: [ app_begin ] --START--
INFO: Run Behavior\ReadHtmlCacheBehavior [ RunTime:0.001701s ]
INFO: Run Behavior\CheckLangBehavior [ RunTime:0.002208s ]
INFO: [ app_begin ] --END-- [ RunTime:0.004054s ]
SQL: SHOW COLUMNS FROM `areainfo` [ RunTime:0.0024s ]
SQL: SELECT COUNT(*) AS tp_count FROM `areainfo` WHERE (  companyid=1 ) ORDER BY Id LIMIT 1   [ RunTime:0.0003s ]
SQL: SELECT * FROM `areainfo` WHERE (  companyid=1 ) ORDER BY Id LIMIT 0,3   [ RunTime:0.0003s ]
INFO: [ app_end ] --START--
INFO: Run Behavior\ShowPageTraceBehavior [ RunTime:0.000531s ]
INFO: [ app_end ] --END-- [ RunTime:0.000569s ]

[ 2020-11-10T22:28:30+08:00 ] ::1 /home/AreaInfo
INFO: [ app_init ] --START--
INFO: Run Behavior\BuildLiteBehavior [ RunTime:0.000019s ]
INFO: [ app_init ] --END-- [ RunTime:0.000514s ]
INFO: [ app_begin ] --START--
INFO: Run Behavior\ReadHtmlCacheBehavior [ RunTime:0.000454s ]
INFO: Run Behavior\CheckLangBehavior [ RunTime:0.001399s ]
INFO: [ app_begin ] --END-- [ RunTime:0.001943s ]
SQL: SHOW COLUMNS FROM `companyinfo` [ RunTime:0.0027s ]
SQL: SELECT * FROM `companyinfo` WHERE ( Id=1 and LoginName='test' ) LIMIT 1   [ RunTime:0.0008s ]
INFO: [ view_parse ] --START--
INFO: [ template_filter ] --START--
INFO: Run Behavior\ContentReplaceBehavior [ RunTime:0.000458s ]
INFO: [ template_filter ] --END-- [ RunTime:0.000527s ]
INFO: Run Behavior\ParseTemplateBehavior [ RunTime:0.034545s ]
INFO: [ view_parse ] --END-- [ RunTime:0.034606s ]
INFO: [ view_filter ] --START--
INFO: Run Behavior\WriteHtmlCacheBehavior [ RunTime:0.000277s ]
INFO: [ view_filter ] --END-- [ RunTime:0.000311s ]
INFO: [ app_end ] --START--
INFO: Run Behavior\ShowPageTraceBehavior [ RunTime:0.000713s ]
INFO: [ app_end ] --END-- [ RunTime:0.000775s ]

[ 2020-11-10T22:28:30+08:00 ] ::1 /home/supervisory/getareas
INFO: [ app_init ] --START--
INFO: Run Behavior\BuildLiteBehavior [ RunTime:0.000018s ]
INFO: [ app_init ] --END-- [ RunTime:0.000459s ]
INFO: [ app_begin ] --START--
INFO: Run Behavior\ReadHtmlCacheBehavior [ RunTime:0.000694s ]
INFO: Run Behavior\CheckLangBehavior [ RunTime:0.001912s ]
INFO: [ app_begin ] --END-- [ RunTime:0.002716s ]
SQL: SHOW COLUMNS FROM `areainfo` [ RunTime:0.0021s ]
SQL: SELECT * FROM `areainfo` WHERE ( CompanyID=1 )  [ RunTime:0.0004s ]
INFO: [ app_end ] --START--
INFO: Run Behavior\ShowPageTraceBehavior [ RunTime:0.000702s ]
INFO: [ app_end ] --END-- [ RunTime:0.000751s ]

[ 2020-11-10T22:28:30+08:00 ] ::1 /home/AreaInfo/getarealist?page=1
INFO: [ app_init ] --START--
INFO: Run Behavior\BuildLiteBehavior [ RunTime:0.000019s ]
INFO: [ app_init ] --END-- [ RunTime:0.000607s ]
INFO: [ app_begin ] --START--
INFO: Run Behavior\ReadHtmlCacheBehavior [ RunTime:0.001069s ]
INFO: Run Behavior\CheckLangBehavior [ RunTime:0.001434s ]
INFO: [ app_begin ] --END-- [ RunTime:0.002613s ]
SQL: SHOW COLUMNS FROM `areainfo` [ RunTime:0.0020s ]
SQL: SELECT COUNT(*) AS tp_count FROM `areainfo` WHERE (  companyid=1 ) ORDER BY Id LIMIT 1   [ RunTime:0.0004s ]
SQL: SELECT * FROM `areainfo` WHERE (  companyid=1 ) ORDER BY Id LIMIT 0,3   [ RunTime:0.0004s ]
INFO: [ app_end ] --START--
INFO: Run Behavior\ShowPageTraceBehavior [ RunTime:0.000619s ]
INFO: [ app_end ] --END-- [ RunTime:0.000703s ]

[ 2020-11-10T22:28:30+08:00 ] ::1 /home/AreaInfo/gettraplist?page=1&area=&trap=&trapty=&keys=
INFO: [ app_init ] --START--
INFO: Run Behavior\BuildLiteBehavior [ RunTime:0.000022s ]
INFO: [ app_init ] --END-- [ RunTime:0.000585s ]
INFO: [ app_begin ] --START--
INFO: Run Behavior\ReadHtmlCacheBehavior [ RunTime:0.000773s ]
INFO: Run Behavior\CheckLangBehavior [ RunTime:0.002427s ]
INFO: [ app_begin ] --END-- [ RunTime:0.003301s ]
SQL: SHOW COLUMNS FROM `trapmodel` [ RunTime:0.0026s ]
SQL: SELECT COUNT(*) AS tp_count FROM `trapmodel` WHERE (  companyid=1 ) ORDER BY Id LIMIT 1   [ RunTime:0.0006s ]
SQL: SELECT * FROM `trapmodel` WHERE (  companyid=1 ) ORDER BY areaId,ordernum  LIMIT 0,5   [ RunTime:0.0008s ]
INFO: [ app_end ] --START--
INFO: Run Behavior\ShowPageTraceBehavior [ RunTime:0.000635s ]
INFO: [ app_end ] --END-- [ RunTime:0.000675s ]

[ 2020-11-10T22:28:31+08:00 ] ::1 /home/AreaInfo/gettraplist?page=1&area=&trap=&trapty=&keys=
INFO: [ app_init ] --START--
INFO: Run Behavior\BuildLiteBehavior [ RunTime:0.000130s ]
INFO: [ app_init ] --END-- [ RunTime:0.001440s ]
INFO: [ app_begin ] --START--
INFO: Run Behavior\ReadHtmlCacheBehavior [ RunTime:0.001224s ]
INFO: Run Behavior\CheckLangBehavior [ RunTime:0.004176s ]
INFO: [ app_begin ] --END-- [ RunTime:0.005619s ]
SQL: SHOW COLUMNS FROM `trapmodel` [ RunTime:0.0052s ]
SQL: SELECT COUNT(*) AS tp_count FROM `trapmodel` WHERE (  companyid=1 ) ORDER BY Id LIMIT 1   [ RunTime:0.0009s ]
SQL: SELECT * FROM `trapmodel` WHERE (  companyid=1 ) ORDER BY areaId,ordernum  LIMIT 0,5   [ RunTime:0.0017s ]
INFO: [ app_end ] --START--
INFO: Run Behavior\ShowPageTraceBehavior [ RunTime:0.001348s ]
INFO: [ app_end ] --END-- [ RunTime:0.001443s ]

[ 2020-11-10T22:28:31+08:00 ] ::1 /home/Systemset/changepwd
INFO: [ app_init ] --START--
INFO: Run Behavior\BuildLiteBehavior [ RunTime:0.000013s ]
INFO: [ app_init ] --END-- [ RunTime:0.000426s ]
INFO: [ app_begin ] --START--
INFO: Run Behavior\ReadHtmlCacheBehavior [ RunTime:0.000470s ]
INFO: Run Behavior\CheckLangBehavior [ RunTime:0.001898s ]
INFO: [ app_begin ] --END-- [ RunTime:0.002459s ]
INFO: [ view_parse ] --START--
INFO: [ template_filter ] --START--
INFO: Run Behavior\ContentReplaceBehavior [ RunTime:0.000107s ]
INFO: [ template_filter ] --END-- [ RunTime:0.000161s ]
INFO: Run Behavior\ParseTemplateBehavior [ RunTime:0.031567s ]
INFO: [ view_parse ] --END-- [ RunTime:0.031623s ]
INFO: [ view_filter ] --START--
INFO: Run Behavior\WriteHtmlCacheBehavior [ RunTime:0.000265s ]
INFO: [ view_filter ] --END-- [ RunTime:0.000299s ]
INFO: [ app_end ] --START--
INFO: Run Behavior\ShowPageTraceBehavior [ RunTime:0.000606s ]
INFO: [ app_end ] --END-- [ RunTime:0.000655s ]

[ 2020-11-10T22:28:33+08:00 ] ::1 /home/Systemset/usermanager?page=1
INFO: [ app_init ] --START--
INFO: Run Behavior\BuildLiteBehavior [ RunTime:0.000018s ]
INFO: [ app_init ] --END-- [ RunTime:0.000506s ]
INFO: [ app_begin ] --START--
INFO: Run Behavior\ReadHtmlCacheBehavior [ RunTime:0.000702s ]
INFO: Run Behavior\CheckLangBehavior [ RunTime:0.001984s ]
INFO: [ app_begin ] --END-- [ RunTime:0.002797s ]
SQL: SHOW COLUMNS FROM `subuser` [ RunTime:0.0032s ]
SQL: SELECT COUNT(*) AS tp_count FROM `subuser` WHERE ( AdminName='test' and CompanyID=1 ) LIMIT 1   [ RunTime:0.0005s ]
SQL: SELECT * FROM `subuser` WHERE ( AdminName='test' and CompanyID=1 ) ORDER BY Id ASC LIMIT 0,10   [ RunTime:0.0005s ]
INFO: [ view_parse ] --START--
INFO: [ template_filter ] --START--
INFO: Run Behavior\ContentReplaceBehavior [ RunTime:0.000105s ]
INFO: [ template_filter ] --END-- [ RunTime:0.000157s ]
INFO: Run Behavior\ParseTemplateBehavior [ RunTime:0.019686s ]
INFO: [ view_parse ] --END-- [ RunTime:0.019748s ]
INFO: [ view_filter ] --START--
INFO: Run Behavior\WriteHtmlCacheBehavior [ RunTime:0.000201s ]
INFO: [ view_filter ] --END-- [ RunTime:0.000232s ]
INFO: [ app_end ] --START--
INFO: Run Behavior\ShowPageTraceBehavior [ RunTime:0.000516s ]
INFO: [ app_end ] --END-- [ RunTime:0.000553s ]

[ 2020-11-10T22:28:35+08:00 ] ::1 /home/Systemset/changepwd
INFO: [ app_init ] --START--
INFO: Run Behavior\BuildLiteBehavior [ RunTime:0.000019s ]
INFO: [ app_init ] --END-- [ RunTime:0.000501s ]
INFO: [ app_begin ] --START--
INFO: Run Behavior\ReadHtmlCacheBehavior [ RunTime:0.000698s ]
INFO: Run Behavior\CheckLangBehavior [ RunTime:0.001867s ]
INFO: [ app_begin ] --END-- [ RunTime:0.002672s ]
INFO: [ view_parse ] --START--
INFO: [ template_filter ] --START--
INFO: Run Behavior\ContentReplaceBehavior [ RunTime:0.000133s ]
INFO: [ template_filter ] --END-- [ RunTime:0.000192s ]
INFO: Run Behavior\ParseTemplateBehavior [ RunTime:0.008905s ]
INFO: [ view_parse ] --END-- [ RunTime:0.008967s ]
INFO: [ view_filter ] --START--
INFO: Run Behavior\WriteHtmlCacheBehavior [ RunTime:0.000196s ]
INFO: [ view_filter ] --END-- [ RunTime:0.000227s ]
INFO: [ app_end ] --START--
INFO: Run Behavior\ShowPageTraceBehavior [ RunTime:0.000553s ]
INFO: [ app_end ] --END-- [ RunTime:0.000602s ]

[ 2020-11-10T22:28:36+08:00 ] ::1 /home/Systemset
INFO: [ app_init ] --START--
INFO: Run Behavior\BuildLiteBehavior [ RunTime:0.000018s ]
INFO: [ app_init ] --END-- [ RunTime:0.000475s ]
INFO: [ app_begin ] --START--
INFO: Run Behavior\ReadHtmlCacheBehavior [ RunTime:0.000673s ]
INFO: Run Behavior\CheckLangBehavior [ RunTime:0.001828s ]
INFO: [ app_begin ] --END-- [ RunTime:0.002604s ]
NOTIC: [8] Undefined index: oid D:\SoftWare\phpstudy_pro\WWW\Application\Home\Controller\SystemsetController.class.php 第 7 行.
SQL: SHOW COLUMNS FROM `areainfo` [ RunTime:0.0021s ]
SQL: SHOW COLUMNS FROM `trapmodel` [ RunTime:0.0018s ]
SQL: SELECT * FROM `areainfo` WHERE ( companyid=1 ) ORDER BY arealocation asc  [ RunTime:0.0004s ]
SQL: SHOW COLUMNS FROM `layout` [ RunTime:0.0015s ]
SQL: SELECT * FROM `layout` WHERE ( companyid=1 ) LIMIT 1   [ RunTime:0.0003s ]
SQL: SELECT * FROM `trapmodel` WHERE ( CompanyID='1' and AreaId='99'  ) GROUP BY TrapNo  [ RunTime:0.0010s ]
NOTIC: [8] Undefined variable: L_str D:\SoftWare\phpstudy_pro\WWW\Application\Home\Controller\SystemsetController.class.php 第 277 行.
SQL: SELECT * FROM `trapmodel` WHERE ( CompanyID='1' and AreaId='98'  ) GROUP BY TrapNo  [ RunTime:0.0011s ]
NOTIC: [8] Undefined variable: M_str D:\SoftWare\phpstudy_pro\WWW\Application\Home\Controller\SystemsetController.class.php 第 288 行.
NOTIC: [8] Undefined variable: R_str D:\SoftWare\phpstudy_pro\WWW\Application\Home\Controller\SystemsetController.class.php 第 289 行.
SQL: SELECT * FROM `layout` WHERE ( companyid=1 ) LIMIT 1   [ RunTime:0.0004s ]
INFO: [ view_parse ] --START--
INFO: [ template_filter ] --START--
INFO: Run Behavior\ContentReplaceBehavior [ RunTime:0.000064s ]
INFO: [ template_filter ] --END-- [ RunTime:0.000110s ]
INFO: Run Behavior\ParseTemplateBehavior [ RunTime:0.007226s ]
INFO: [ view_parse ] --END-- [ RunTime:0.007296s ]
INFO: [ view_filter ] --START--
INFO: Run Behavior\WriteHtmlCacheBehavior [ RunTime:0.000240s ]
INFO: [ view_filter ] --END-- [ RunTime:0.000275s ]
INFO: [ app_end ] --START--
INFO: Run Behavior\ShowPageTraceBehavior [ RunTime:0.000510s ]
INFO: [ app_end ] --END-- [ RunTime:0.000548s ]

[ 2020-11-10T22:28:36+08:00 ] ::1 /home/Systemset
INFO: [ app_init ] --START--
INFO: Run Behavior\BuildLiteBehavior [ RunTime:0.000018s ]
INFO: [ app_init ] --END-- [ RunTime:0.000496s ]
INFO: [ app_begin ] --START--
INFO: Run Behavior\ReadHtmlCacheBehavior [ RunTime:0.000474s ]
INFO: Run Behavior\CheckLangBehavior [ RunTime:0.001961s ]
INFO: [ app_begin ] --END-- [ RunTime:0.002527s ]
NOTIC: [8] Undefined index: oid D:\SoftWare\phpstudy_pro\WWW\Application\Home\Controller\SystemsetController.class.php 第 7 行.
SQL: SHOW COLUMNS FROM `areainfo` [ RunTime:0.0022s ]
SQL: SHOW COLUMNS FROM `trapmodel` [ RunTime:0.0026s ]
SQL: SELECT * FROM `areainfo` WHERE ( companyid=1 ) ORDER BY arealocation asc  [ RunTime:0.0005s ]
SQL: SHOW COLUMNS FROM `layout` [ RunTime:0.0021s ]
SQL: SELECT * FROM `layout` WHERE ( companyid=1 ) LIMIT 1   [ RunTime:0.0004s ]
SQL: SELECT * FROM `trapmodel` WHERE ( CompanyID='1' and AreaId='99'  ) GROUP BY TrapNo  [ RunTime:0.0013s ]
NOTIC: [8] Undefined variable: L_str D:\SoftWare\phpstudy_pro\WWW\Application\Home\Controller\SystemsetController.class.php 第 277 行.
SQL: SELECT * FROM `trapmodel` WHERE ( CompanyID='1' and AreaId='98'  ) GROUP BY TrapNo  [ RunTime:0.0011s ]
NOTIC: [8] Undefined variable: M_str D:\SoftWare\phpstudy_pro\WWW\Application\Home\Controller\SystemsetController.class.php 第 288 行.
NOTIC: [8] Undefined variable: R_str D:\SoftWare\phpstudy_pro\WWW\Application\Home\Controller\SystemsetController.class.php 第 289 行.
SQL: SELECT * FROM `layout` WHERE ( companyid=1 ) LIMIT 1   [ RunTime:0.0004s ]
INFO: [ view_parse ] --START--
INFO: [ template_filter ] --START--
INFO: Run Behavior\ContentReplaceBehavior [ RunTime:0.000095s ]
INFO: [ template_filter ] --END-- [ RunTime:0.000170s ]
INFO: Run Behavior\ParseTemplateBehavior [ RunTime:0.008094s ]
INFO: [ view_parse ] --END-- [ RunTime:0.008154s ]
INFO: [ view_filter ] --START--
INFO: Run Behavior\WriteHtmlCacheBehavior [ RunTime:0.000192s ]
INFO: [ view_filter ] --END-- [ RunTime:0.000224s ]
INFO: [ app_end ] --START--
INFO: Run Behavior\ShowPageTraceBehavior [ RunTime:0.000479s ]
INFO: [ app_end ] --END-- [ RunTime:0.000539s ]

[ 2020-11-10T22:28:38+08:00 ] ::1 /home/AreaInfo
INFO: [ app_init ] --START--
INFO: Run Behavior\BuildLiteBehavior [ RunTime:0.000018s ]
INFO: [ app_init ] --END-- [ RunTime:0.000493s ]
INFO: [ app_begin ] --START--
INFO: Run Behavior\ReadHtmlCacheBehavior [ RunTime:0.000696s ]
INFO: Run Behavior\CheckLangBehavior [ RunTime:0.001980s ]
INFO: [ app_begin ] --END-- [ RunTime:0.002788s ]
SQL: SHOW COLUMNS FROM `companyinfo` [ RunTime:0.0026s ]
SQL: SELECT * FROM `companyinfo` WHERE ( Id=1 and LoginName='test' ) LIMIT 1   [ RunTime:0.0007s ]
INFO: [ view_parse ] --START--
INFO: [ template_filter ] --START--
INFO: Run Behavior\ContentReplaceBehavior [ RunTime:0.000277s ]
INFO: [ template_filter ] --END-- [ RunTime:0.000325s ]
INFO: Run Behavior\ParseTemplateBehavior [ RunTime:0.016512s ]
INFO: [ view_parse ] --END-- [ RunTime:0.016570s ]
INFO: [ view_filter ] --START--
INFO: Run Behavior\WriteHtmlCacheBehavior [ RunTime:0.000197s ]
INFO: [ view_filter ] --END-- [ RunTime:0.000232s ]
INFO: [ app_end ] --START--
INFO: Run Behavior\ShowPageTraceBehavior [ RunTime:0.000766s ]
INFO: [ app_end ] --END-- [ RunTime:0.000837s ]

[ 2020-11-10T22:28:38+08:00 ] ::1 /home/supervisory/getareas
INFO: [ app_init ] --START--
INFO: Run Behavior\BuildLiteBehavior [ RunTime:0.000015s ]
INFO: [ app_init ] --END-- [ RunTime:0.000395s ]
INFO: [ app_begin ] --START--
INFO: Run Behavior\ReadHtmlCacheBehavior [ RunTime:0.000564s ]
INFO: Run Behavior\CheckLangBehavior [ RunTime:0.001881s ]
INFO: [ app_begin ] --END-- [ RunTime:0.002546s ]
SQL: SHOW COLUMNS FROM `areainfo` [ RunTime:0.0021s ]
SQL: SELECT * FROM `areainfo` WHERE ( CompanyID=1 )  [ RunTime:0.0003s ]
INFO: [ app_end ] --START--
INFO: Run Behavior\ShowPageTraceBehavior [ RunTime:0.000731s ]
INFO: [ app_end ] --END-- [ RunTime:0.000794s ]

[ 2020-11-10T22:28:38+08:00 ] ::1 /home/AreaInfo/gettraplist?page=1&area=&trap=&trapty=&keys=
INFO: [ app_init ] --START--
INFO: Run Behavior\BuildLiteBehavior [ RunTime:0.000016s ]
INFO: [ app_init ] --END-- [ RunTime:0.000435s ]
INFO: [ app_begin ] --START--
INFO: Run Behavior\ReadHtmlCacheBehavior [ RunTime:0.000608s ]
INFO: Run Behavior\CheckLangBehavior [ RunTime:0.001930s ]
INFO: [ app_begin ] --END-- [ RunTime:0.002638s ]
SQL: SHOW COLUMNS FROM `trapmodel` [ RunTime:0.0022s ]
SQL: SELECT COUNT(*) AS tp_count FROM `trapmodel` WHERE (  companyid=1 ) ORDER BY Id LIMIT 1   [ RunTime:0.0003s ]
SQL: SELECT * FROM `trapmodel` WHERE (  companyid=1 ) ORDER BY areaId,ordernum  LIMIT 0,5   [ RunTime:0.0010s ]
INFO: [ app_end ] --START--
INFO: Run Behavior\ShowPageTraceBehavior [ RunTime:0.000583s ]
INFO: [ app_end ] --END-- [ RunTime:0.000628s ]

[ 2020-11-10T22:28:38+08:00 ] ::1 /home/AreaInfo/getarealist?page=1
INFO: [ app_init ] --START--
INFO: Run Behavior\BuildLiteBehavior [ RunTime:0.000015s ]
INFO: [ app_init ] --END-- [ RunTime:0.000411s ]
INFO: [ app_begin ] --START--
INFO: Run Behavior\ReadHtmlCacheBehavior [ RunTime:0.000577s ]
INFO: Run Behavior\CheckLangBehavior [ RunTime:0.001848s ]
INFO: [ app_begin ] --END-- [ RunTime:0.002524s ]
SQL: SHOW COLUMNS FROM `areainfo` [ RunTime:0.0007s ]
SQL: SELECT COUNT(*) AS tp_count FROM `areainfo` WHERE (  companyid=1 ) ORDER BY Id LIMIT 1   [ RunTime:0.0004s ]
SQL: SELECT * FROM `areainfo` WHERE (  companyid=1 ) ORDER BY Id LIMIT 0,3   [ RunTime:0.0004s ]
INFO: [ app_end ] --START--
INFO: Run Behavior\ShowPageTraceBehavior [ RunTime:0.000692s ]
INFO: [ app_end ] --END-- [ RunTime:0.000763s ]

[ 2020-11-10T22:29:32+08:00 ] ::1 /home/AreaInfo/UpdateArea?oid=98
INFO: [ app_init ] --START--
INFO: Run Behavior\BuildLiteBehavior [ RunTime:0.000026s ]
INFO: [ app_init ] --END-- [ RunTime:0.000664s ]
INFO: [ app_begin ] --START--
INFO: Run Behavior\ReadHtmlCacheBehavior [ RunTime:0.000970s ]
INFO: Run Behavior\CheckLangBehavior [ RunTime:0.002369s ]
INFO: [ app_begin ] --END-- [ RunTime:0.003564s ]
ERR: 非法操作:UpdateArea

[ 2020-11-10T22:30:14+08:00 ] ::1 /home/AreaInfo/UpdateTrap?oid=85
INFO: [ app_init ] --START--
INFO: Run Behavior\BuildLiteBehavior [ RunTime:0.000024s ]
INFO: [ app_init ] --END-- [ RunTime:0.000531s ]
INFO: [ app_begin ] --START--
INFO: Run Behavior\ReadHtmlCacheBehavior [ RunTime:0.000710s ]
INFO: Run Behavior\CheckLangBehavior [ RunTime:0.002180s ]
INFO: [ app_begin ] --END-- [ RunTime:0.003000s ]
ERR: 非法操作:UpdateTrap

[ 2020-11-10T22:36:02+08:00 ] ::1 /home/Supervisory?t=list
INFO: [ app_init ] --START--
INFO: Run Behavior\BuildLiteBehavior [ RunTime:0.000014s ]
INFO: [ app_init ] --END-- [ RunTime:0.000382s ]
INFO: [ app_begin ] --START--
INFO: Run Behavior\ReadHtmlCacheBehavior [ RunTime:0.000528s ]
INFO: Run Behavior\CheckLangBehavior [ RunTime:0.001452s ]
INFO: [ app_begin ] --END-- [ RunTime:0.002058s ]
SQL: SHOW COLUMNS FROM `trapinfo` [ RunTime:0.0056s ]
NOTIC: [8] Undefined index: area D:\SoftWare\phpstudy_pro\WWW\Application\Home\Controller\SupervisoryController.class.php 第 562 行.
NOTIC: [8] Undefined index: ts D:\SoftWare\phpstudy_pro\WWW\Application\Home\Controller\SupervisoryController.class.php 第 563 行.
NOTIC: [8] Undefined index: te D:\SoftWare\phpstudy_pro\WWW\Application\Home\Controller\SupervisoryController.class.php 第 564 行.
NOTIC: [8] Undefined index: tn D:\SoftWare\phpstudy_pro\WWW\Application\Home\Controller\SupervisoryController.class.php 第 565 行.
NOTIC: [8] Undefined index: tstate D:\SoftWare\phpstudy_pro\WWW\Application\Home\Controller\SupervisoryController.class.php 第 566 行.
SQL: SELECT * FROM `trapinfo` WHERE ( CompanyID=1  ) GROUP BY TrapNo ORDER BY DateCheck desc,areaid,trapno  [ RunTime:0.1408s ]
INFO: [ view_parse ] --START--
INFO: [ template_filter ] --START--
INFO: Run Behavior\ContentReplaceBehavior [ RunTime:0.000092s ]
INFO: [ template_filter ] --END-- [ RunTime:0.000174s ]
INFO: Run Behavior\ParseTemplateBehavior [ RunTime:0.010859s ]
INFO: [ view_parse ] --END-- [ RunTime:0.010979s ]
INFO: [ view_filter ] --START--
INFO: Run Behavior\WriteHtmlCacheBehavior [ RunTime:0.000555s ]
INFO: [ view_filter ] --END-- [ RunTime:0.000635s ]
INFO: [ app_end ] --START--
INFO: Run Behavior\ShowPageTraceBehavior [ RunTime:0.000745s ]
INFO: [ app_end ] --END-- [ RunTime:0.000807s ]

[ 2020-11-10T22:36:02+08:00 ] ::1 /home/supervisory/getareas
INFO: [ app_init ] --START--
INFO: Run Behavior\BuildLiteBehavior [ RunTime:0.000019s ]
INFO: [ app_init ] --END-- [ RunTime:0.000599s ]
INFO: [ app_begin ] --START--
INFO: Run Behavior\ReadHtmlCacheBehavior [ RunTime:0.000751s ]
INFO: Run Behavior\CheckLangBehavior [ RunTime:0.002761s ]
INFO: [ app_begin ] --END-- [ RunTime:0.003644s ]
SQL: SHOW COLUMNS FROM `areainfo` [ RunTime:0.0015s ]
SQL: SELECT * FROM `areainfo` WHERE ( CompanyID=1 )  [ RunTime:0.0003s ]
INFO: [ app_end ] --START--
INFO: Run Behavior\ShowPageTraceBehavior [ RunTime:0.000744s ]
INFO: [ app_end ] --END-- [ RunTime:0.000811s ]

[ 2020-11-10T22:36:03+08:00 ] ::1 /home/supervisory/edit?sid=185568&tid=013a
INFO: [ app_init ] --START--
INFO: Run Behavior\BuildLiteBehavior [ RunTime:0.000022s ]
INFO: [ app_init ] --END-- [ RunTime:0.000545s ]
INFO: [ app_begin ] --START--
INFO: Run Behavior\ReadHtmlCacheBehavior [ RunTime:0.000865s ]
INFO: Run Behavior\CheckLangBehavior [ RunTime:0.001602s ]
INFO: [ app_begin ] --END-- [ RunTime:0.002610s ]
SQL: SHOW COLUMNS FROM `trapinfo` [ RunTime:0.0023s ]
SQL: SELECT * FROM `trapinfo` WHERE ( CompanyID=1 ) LIMIT 1   [ RunTime:0.0008s ]
INFO: [ view_parse ] --START--
INFO: [ template_filter ] --START--
INFO: Run Behavior\ContentReplaceBehavior [ RunTime:0.000110s ]
INFO: [ template_filter ] --END-- [ RunTime:0.000220s ]
NOTIC: [8] Undefined index: aredid D:\SoftWare\phpstudy_pro\WWW\Application\Runtime\Cache\Home\d0ad110877c0bd2dc423498c81eab408.php 第 121 行.
NOTIC: [8] Undefined index: treastate D:\SoftWare\phpstudy_pro\WWW\Application\Runtime\Cache\Home\d0ad110877c0bd2dc423498c81eab408.php 第 127 行.
INFO: Run Behavior\ParseTemplateBehavior [ RunTime:0.011556s ]
INFO: [ view_parse ] --END-- [ RunTime:0.011644s ]
INFO: [ view_filter ] --START--
INFO: Run Behavior\WriteHtmlCacheBehavior [ RunTime:0.000609s ]
INFO: [ view_filter ] --END-- [ RunTime:0.000706s ]
INFO: [ app_end ] --START--
INFO: Run Behavior\ShowPageTraceBehavior [ RunTime:0.000626s ]
INFO: [ app_end ] --END-- [ RunTime:0.000685s ]

